TN:
SF:Index.ts
FNF:0
FNH:0
DA:1,1
DA:2,1
DA:4,1
DA:6,1
DA:7,1
DA:9,1
LF:6
LH:6
BRF:0
BRH:0
end_of_record
TN:
SF:Server.ts
FN:23,(anonymous_14)
FN:47,(anonymous_15)
FN:51,(anonymous_16)
FN:55,(anonymous_18)
FN:67,(anonymous_19)
FN:68,(anonymous_20)
FN:73,(anonymous_21)
FNF:7
FNH:6
FNDA:1,(anonymous_14)
FNDA:1,(anonymous_15)
FNDA:1,(anonymous_16)
FNDA:1,(anonymous_18)
FNDA:1,(anonymous_19)
FNDA:1,(anonymous_20)
FNDA:0,(anonymous_21)
DA:1,1
DA:2,1
DA:3,1
DA:4,1
DA:7,1
DA:8,1
DA:9,1
DA:10,1
DA:11,1
DA:12,1
DA:13,1
DA:14,1
DA:24,1
DA:25,1
DA:26,1
DA:28,1
DA:38,1
DA:39,1
DA:40,1
DA:41,1
DA:42,1
DA:44,1
DA:48,1
DA:49,1
DA:52,1
DA:57,1
DA:58,1
DA:59,1
DA:60,1
DA:61,1
DA:62,1
DA:63,1
DA:64,1
DA:68,1
DA:69,1
DA:74,0
DA:78,1
LF:37
LH:36
BRF:0
BRH:0
end_of_record
TN:
SF:Controllers\Establecimientos.ts
FN:6,(anonymous_7)
FN:6,(anonymous_8)
FN:25,(anonymous_9)
FN:25,(anonymous_10)
FN:52,(anonymous_11)
FN:52,(anonymous_12)
FN:78,(anonymous_13)
FN:78,(anonymous_14)
FN:109,(anonymous_15)
FN:109,(anonymous_16)
FNF:10
FNH:0
FNDA:0,(anonymous_7)
FNDA:0,(anonymous_8)
FNDA:0,(anonymous_9)
FNDA:0,(anonymous_10)
FNDA:0,(anonymous_11)
FNDA:0,(anonymous_12)
FNDA:0,(anonymous_13)
FNDA:0,(anonymous_14)
FNDA:0,(anonymous_15)
FNDA:0,(anonymous_16)
DA:3,1
DA:6,1
DA:7,0
DA:9,0
DA:13,0
DA:16,0
DA:19,0
DA:20,0
DA:25,1
DA:26,0
DA:27,0
DA:28,0
DA:31,0
DA:39,0
DA:45,0
DA:46,0
DA:52,1
DA:53,0
DA:54,0
DA:57,0
DA:62,0
DA:64,0
DA:68,0
DA:71,0
DA:72,0
DA:78,1
DA:79,0
DA:80,0
DA:81,0
DA:84,0
DA:88,0
DA:90,0
DA:94,0
DA:100,0
DA:103,0
DA:104,0
DA:109,1
DA:110,0
DA:111,0
DA:114,0
DA:118,0
DA:120,0
DA:124,0
DA:130,0
DA:133,0
DA:134,0
DA:140,1
DA:141,1
DA:142,1
DA:143,1
DA:144,1
LF:51
LH:11
BRDA:27,0,0,0
BRDA:27,1,0,0
BRDA:62,2,0,0
BRDA:88,3,0,0
BRDA:118,4,0,0
BRF:5
BRH:0
end_of_record
TN:
SF:Controllers\Index.ts
FNF:0
FNH:0
DA:1,1
DA:2,1
DA:3,1
DA:4,1
DA:5,1
DA:6,1
DA:7,1
DA:8,1
DA:11,1
DA:12,1
DA:13,1
DA:14,1
DA:15,1
DA:16,1
DA:17,1
DA:18,1
LF:16
LH:16
BRF:0
BRH:0
end_of_record
TN:
SF:Controllers\Mantenimientos.ts
FN:5,(anonymous_7)
FN:5,(anonymous_8)
FN:11,(anonymous_9)
FN:11,(anonymous_10)
FN:47,(anonymous_11)
FN:47,(anonymous_12)
FN:67,(anonymous_13)
FN:67,(anonymous_14)
FN:90,(anonymous_15)
FN:90,(anonymous_16)
FN:121,(anonymous_17)
FN:121,(anonymous_18)
FNF:12
FNH:6
FNDA:1,(anonymous_7)
FNDA:1,(anonymous_8)
FNDA:1,(anonymous_9)
FNDA:1,(anonymous_10)
FNDA:1,(anonymous_11)
FNDA:1,(anonymous_12)
FNDA:0,(anonymous_13)
FNDA:0,(anonymous_14)
FNDA:0,(anonymous_15)
FNDA:0,(anonymous_16)
FNDA:0,(anonymous_17)
FNDA:0,(anonymous_18)
DA:3,1
DA:5,1
DA:6,1
DA:8,1
DA:11,1
DA:12,1
DA:14,1
DA:15,1
DA:19,1
DA:21,0
DA:25,1
DA:29,1
DA:32,1
DA:37,1
DA:40,0
DA:41,0
DA:47,1
DA:48,1
DA:49,1
DA:52,1
DA:57,1
DA:62,0
DA:63,0
DA:67,1
DA:68,0
DA:70,0
DA:73,0
DA:77,0
DA:79,0
DA:83,0
DA:86,0
DA:87,0
DA:90,1
DA:91,0
DA:92,0
DA:93,0
DA:96,0
DA:100,0
DA:102,0
DA:106,0
DA:112,0
DA:115,0
DA:116,0
DA:121,1
DA:122,0
DA:123,0
DA:126,0
DA:130,0
DA:132,0
DA:136,0
DA:142,0
DA:145,0
DA:146,0
DA:151,1
DA:152,1
DA:153,1
DA:154,1
DA:155,1
LF:58
LH:26
BRDA:19,0,0,0
BRDA:77,1,0,0
BRDA:100,2,0,0
BRDA:130,3,0,0
BRF:4
BRH:0
end_of_record
TN:
SF:Controllers\Repostajes.ts
FN:24,(anonymous_7)
FN:24,(anonymous_8)
FN:29,(anonymous_9)
FN:29,(anonymous_10)
FN:105,(anonymous_11)
FN:105,(anonymous_12)
FN:121,(anonymous_13)
FN:121,(anonymous_14)
FN:140,(anonymous_15)
FN:140,(anonymous_16)
FN:157,(anonymous_17)
FN:157,(anonymous_18)
FNF:12
FNH:6
FNDA:1,(anonymous_7)
FNDA:1,(anonymous_8)
FNDA:1,(anonymous_9)
FNDA:1,(anonymous_10)
FNDA:1,(anonymous_11)
FNDA:1,(anonymous_12)
FNDA:0,(anonymous_13)
FNDA:0,(anonymous_14)
FNDA:0,(anonymous_15)
FNDA:0,(anonymous_16)
FNDA:0,(anonymous_17)
FNDA:0,(anonymous_18)
DA:3,1
DA:24,1
DA:25,1
DA:26,1
DA:29,1
DA:30,1
DA:33,1
DA:34,1
DA:38,1
DA:40,0
DA:44,1
DA:48,1
DA:51,1
DA:52,1
DA:54,0
DA:55,0
DA:105,1
DA:106,1
DA:107,1
DA:108,1
DA:112,1
DA:117,0
DA:118,0
DA:121,1
DA:122,0
DA:123,0
DA:124,0
DA:129,0
DA:130,0
DA:132,0
DA:134,0
DA:135,0
DA:140,1
DA:141,0
DA:142,0
DA:143,0
DA:144,0
DA:145,0
DA:146,0
DA:148,0
DA:149,0
DA:151,0
DA:152,0
DA:157,1
DA:158,0
DA:159,0
DA:160,0
DA:161,0
DA:162,0
DA:164,0
DA:165,0
DA:167,0
DA:168,0
DA:173,1
DA:174,1
DA:175,1
DA:176,1
DA:177,1
LF:58
LH:26
BRDA:38,0,0,0
BRDA:129,1,0,0
BRDA:145,2,0,0
BRDA:161,3,0,0
BRF:4
BRH:0
end_of_record
TN:
SF:Controllers\Roles.ts
FN:7,(anonymous_7)
FN:7,(anonymous_8)
FN:27,(anonymous_9)
FN:27,(anonymous_10)
FN:47,(anonymous_11)
FN:47,(anonymous_12)
FN:67,(anonymous_13)
FN:67,(anonymous_14)
FN:88,(anonymous_15)
FN:88,(anonymous_16)
FNF:10
FNH:0
FNDA:0,(anonymous_7)
FNDA:0,(anonymous_8)
FNDA:0,(anonymous_9)
FNDA:0,(anonymous_10)
FNDA:0,(anonymous_11)
FNDA:0,(anonymous_12)
FNDA:0,(anonymous_13)
FNDA:0,(anonymous_14)
FNDA:0,(anonymous_15)
FNDA:0,(anonymous_16)
DA:3,1
DA:7,1
DA:8,0
DA:9,0
DA:10,0
DA:14,0
DA:15,0
DA:18,0
DA:19,0
DA:21,0
DA:22,0
DA:27,1
DA:28,0
DA:29,0
DA:30,0
DA:32,0
DA:37,0
DA:42,0
DA:43,0
DA:47,1
DA:48,0
DA:49,0
DA:50,0
DA:55,0
DA:56,0
DA:59,0
DA:61,0
DA:62,0
DA:67,1
DA:68,0
DA:69,0
DA:70,0
DA:72,0
DA:76,0
DA:77,0
DA:80,0
DA:81,0
DA:83,0
DA:84,0
DA:88,1
DA:89,0
DA:90,0
DA:92,0
DA:96,0
DA:97,0
DA:100,0
DA:101,0
DA:103,0
DA:104,0
DA:109,1
DA:110,1
DA:111,1
DA:112,1
DA:113,1
LF:54
LH:11
BRDA:14,0,0,0
BRDA:29,1,0,0
BRDA:29,2,0,0
BRDA:55,3,0,0
BRDA:76,4,0,0
BRDA:96,5,0,0
BRF:6
BRH:0
end_of_record
TN:
SF:Controllers\Rutas.ts
FN:5,(anonymous_7)
FN:5,(anonymous_8)
FN:25,(anonymous_9)
FN:25,(anonymous_10)
FN:43,(anonymous_11)
FN:43,(anonymous_12)
FN:47,(anonymous_13)
FN:47,(anonymous_14)
FN:75,(anonymous_15)
FN:75,(anonymous_16)
FN:96,(anonymous_17)
FN:96,(anonymous_18)
FNF:12
FNH:0
FNDA:0,(anonymous_7)
FNDA:0,(anonymous_8)
FNDA:0,(anonymous_9)
FNDA:0,(anonymous_10)
FNDA:0,(anonymous_11)
FNDA:0,(anonymous_12)
FNDA:0,(anonymous_13)
FNDA:0,(anonymous_14)
FNDA:0,(anonymous_15)
FNDA:0,(anonymous_16)
FNDA:0,(anonymous_17)
FNDA:0,(anonymous_18)
DA:3,1
DA:5,1
DA:6,0
DA:7,0
DA:8,0
DA:10,0
DA:15,0
DA:20,0
DA:21,0
DA:25,1
DA:26,0
DA:27,0
DA:28,0
DA:33,0
DA:34,0
DA:37,0
DA:39,0
DA:40,0
DA:43,1
DA:44,0
DA:45,0
DA:47,0
DA:48,0
DA:51,0
DA:52,0
DA:56,0
DA:57,0
DA:61,0
DA:64,0
DA:66,0
DA:67,0
DA:69,0
DA:70,0
DA:75,1
DA:76,0
DA:77,0
DA:78,0
DA:80,0
DA:84,0
DA:85,0
DA:88,0
DA:89,0
DA:91,0
DA:92,0
DA:96,1
DA:97,0
DA:98,0
DA:100,0
DA:104,0
DA:105,0
DA:108,0
DA:109,0
DA:111,0
DA:112,0
DA:117,1
DA:118,1
DA:119,1
DA:120,1
DA:121,1
LF:59
LH:11
BRDA:7,0,0,0
BRDA:7,1,0,0
BRDA:33,2,0,0
BRDA:56,3,0,0
BRDA:84,4,0,0
BRDA:104,5,0,0
BRF:6
BRH:0
end_of_record
TN:
SF:Controllers\TiposMantenimientos.ts
FN:5,(anonymous_7)
FN:5,(anonymous_8)
FN:25,(anonymous_9)
FN:25,(anonymous_10)
FN:44,(anonymous_11)
FN:44,(anonymous_12)
FN:50,(anonymous_13)
FN:50,(anonymous_14)
FN:78,(anonymous_15)
FN:78,(anonymous_16)
FN:99,(anonymous_17)
FN:99,(anonymous_18)
FN:119,(anonymous_19)
FN:119,(anonymous_20)
FNF:14
FNH:0
FNDA:0,(anonymous_7)
FNDA:0,(anonymous_8)
FNDA:0,(anonymous_9)
FNDA:0,(anonymous_10)
FNDA:0,(anonymous_11)
FNDA:0,(anonymous_12)
FNDA:0,(anonymous_13)
FNDA:0,(anonymous_14)
FNDA:0,(anonymous_15)
FNDA:0,(anonymous_16)
FNDA:0,(anonymous_17)
FNDA:0,(anonymous_18)
FNDA:0,(anonymous_19)
FNDA:0,(anonymous_20)
DA:3,1
DA:5,1
DA:6,0
DA:7,0
DA:8,0
DA:10,0
DA:15,0
DA:20,0
DA:21,0
DA:25,1
DA:26,0
DA:27,0
DA:28,0
DA:33,0
DA:34,0
DA:37,0
DA:39,0
DA:40,0
DA:44,1
DA:45,0
DA:47,0
DA:50,0
DA:51,0
DA:54,0
DA:55,0
DA:58,0
DA:59,0
DA:63,0
DA:65,0
DA:66,0
DA:70,0
DA:72,0
DA:73,0
DA:78,1
DA:79,0
DA:80,0
DA:81,0
DA:83,0
DA:87,0
DA:88,0
DA:91,0
DA:92,0
DA:94,0
DA:95,0
DA:99,1
DA:100,0
DA:101,0
DA:103,0
DA:107,0
DA:108,0
DA:111,0
DA:112,0
DA:114,0
DA:115,0
DA:119,1
DA:120,0
DA:121,0
DA:123,0
DA:128,0
DA:129,0
DA:132,0
DA:134,0
DA:135,0
DA:140,1
DA:141,1
DA:142,1
DA:143,1
DA:144,1
DA:145,1
LF:69
LH:13
BRDA:7,0,0,0
BRDA:7,1,0,0
BRDA:33,2,0,0
BRDA:58,3,0,0
BRDA:87,4,0,0
BRDA:107,5,0,0
BRDA:128,6,0,0
BRF:7
BRH:0
end_of_record
TN:
SF:Controllers\Unidades.ts
FN:6,(anonymous_7)
FN:6,(anonymous_8)
FN:29,(anonymous_9)
FN:29,(anonymous_10)
FN:54,(anonymous_11)
FN:54,(anonymous_12)
FN:82,(anonymous_13)
FN:82,(anonymous_14)
FN:106,(anonymous_15)
FN:106,(anonymous_16)
FNF:10
FNH:4
FNDA:1,(anonymous_7)
FNDA:1,(anonymous_8)
FNDA:0,(anonymous_9)
FNDA:0,(anonymous_10)
FNDA:1,(anonymous_11)
FNDA:1,(anonymous_12)
FNDA:0,(anonymous_13)
FNDA:0,(anonymous_14)
FNDA:0,(anonymous_15)
FNDA:0,(anonymous_16)
DA:3,1
DA:6,1
DA:7,1
DA:8,1
DA:11,1
DA:17,1
DA:23,0
DA:24,0
DA:29,1
DA:30,0
DA:31,0
DA:34,0
DA:39,0
DA:41,0
DA:45,0
DA:48,0
DA:49,0
DA:54,1
DA:55,1
DA:57,1
DA:60,1
DA:64,1
DA:66,0
DA:70,1
DA:73,1
DA:76,0
DA:77,0
DA:82,1
DA:83,0
DA:84,0
DA:85,0
DA:87,0
DA:91,0
DA:92,0
DA:95,0
DA:97,0
DA:99,0
DA:100,0
DA:106,1
DA:107,0
DA:108,0
DA:111,0
DA:113,0
DA:115,0
DA:119,0
DA:122,0
DA:125,0
DA:126,0
DA:131,1
DA:132,1
DA:133,1
DA:134,1
DA:135,1
LF:53
LH:21
BRDA:39,0,0,0
BRDA:64,1,0,0
BRDA:91,2,0,0
BRDA:113,3,0,0
BRF:4
BRH:0
end_of_record
TN:
SF:Controllers\Usuarios.ts
FN:6,(anonymous_7)
FN:6,(anonymous_8)
FN:29,(anonymous_9)
FN:29,(anonymous_10)
FN:52,(anonymous_11)
FN:52,(anonymous_12)
FN:97,(anonymous_13)
FN:97,(anonymous_14)
FN:124,(anonymous_15)
FN:124,(anonymous_16)
FNF:10
FNH:4
FNDA:1,(anonymous_7)
FNDA:1,(anonymous_8)
FNDA:0,(anonymous_9)
FNDA:0,(anonymous_10)
FNDA:1,(anonymous_11)
FNDA:1,(anonymous_12)
FNDA:0,(anonymous_13)
FNDA:0,(anonymous_14)
FNDA:0,(anonymous_15)
FNDA:0,(anonymous_16)
DA:4,1
DA:6,1
DA:7,1
DA:9,1
DA:12,1
DA:18,1
DA:24,0
DA:25,0
DA:29,1
DA:30,0
DA:31,0
DA:34,0
DA:39,0
DA:41,0
DA:45,0
DA:48,0
DA:49,0
DA:52,1
DA:53,1
DA:55,1
DA:58,1
DA:61,1
DA:65,1
DA:67,0
DA:68,0
DA:71,1
DA:75,1
DA:77,0
DA:78,0
DA:83,1
DA:86,1
DA:89,1
DA:92,0
DA:93,0
DA:97,1
DA:98,0
DA:99,0
DA:100,0
DA:103,0
DA:107,0
DA:109,0
DA:113,0
DA:116,0
DA:119,0
DA:120,0
DA:124,1
DA:125,0
DA:126,0
DA:129,0
DA:131,0
DA:133,0
DA:137,0
DA:140,0
DA:143,0
DA:144,0
DA:149,1
DA:150,1
DA:151,1
DA:152,1
DA:153,1
LF:60
LH:25
BRDA:39,0,0,0
BRDA:65,1,0,0
BRDA:75,2,0,0
BRDA:107,3,0,0
BRDA:131,4,0,0
BRF:5
BRH:0
end_of_record
TN:
SF:Database\Config.ts
FN:3,(anonymous_7)
FN:3,(anonymous_8)
FNF:2
FNH:2
FNDA:1,(anonymous_7)
FNDA:1,(anonymous_8)
DA:1,1
DA:3,1
DA:4,1
DA:5,1
DA:6,1
DA:8,0
DA:9,0
DA:12,1
LF:8
LH:6
BRDA:5,0,0,1
BRDA:5,0,1,0
BRF:2
BRH:1
end_of_record
TN:
SF:Middlewares\Index.ts
FNF:0
FNH:0
DA:1,1
DA:3,1
LF:2
LH:2
BRF:0
BRH:0
end_of_record
TN:
SF:Middlewares\ValidarCampos.ts
FN:7,(anonymous_7)
FN:7,(anonymous_8)
FN:26,(anonymous_9)
FNF:3
FNH:3
FNDA:1,(anonymous_7)
FNDA:1,(anonymous_8)
FNDA:4,(anonymous_9)
DA:2,1
DA:4,1
DA:7,1
DA:8,1
DA:9,1
DA:12,1
DA:14,1
DA:15,0
DA:19,1
DA:21,0
DA:22,0
DA:26,1
DA:27,4
DA:28,4
DA:29,0
DA:31,4
DA:35,1
LF:17
LH:13
BRDA:14,0,0,0
BRDA:28,1,0,0
BRF:2
BRH:0
end_of_record
TN:
SF:Routes\Establecimientos.ts
FNF:0
FNH:0
DA:1,1
DA:2,1
DA:3,1
DA:11,1
DA:13,1
DA:15,1
DA:16,1
DA:17,1
DA:25,1
DA:26,1
DA:28,1
LF:11
LH:11
BRF:0
BRH:0
end_of_record
TN:
SF:Routes\Mantenimientos.ts
FNF:0
FNH:0
DA:1,1
DA:2,1
DA:3,1
DA:11,1
DA:13,1
DA:15,1
DA:16,1
DA:17,1
DA:27,1
DA:28,1
DA:30,1
LF:11
LH:11
BRF:0
BRH:0
end_of_record
TN:
SF:Routes\Repostajes.ts
FNF:0
FNH:0
DA:1,1
DA:2,1
DA:3,1
DA:11,1
DA:13,1
DA:15,1
DA:16,1
DA:17,1
DA:26,1
DA:27,1
DA:29,1
LF:11
LH:11
BRF:0
BRH:0
end_of_record
TN:
SF:Routes\Roles.ts
FNF:0
FNH:0
DA:1,1
DA:2,1
DA:3,1
DA:11,1
DA:13,1
DA:15,1
DA:16,1
DA:17,1
DA:24,1
DA:25,1
DA:27,1
LF:11
LH:11
BRF:0
BRH:0
end_of_record
TN:
SF:Routes\Rutas.ts
FNF:0
FNH:0
DA:1,1
DA:2,1
DA:3,1
DA:11,1
DA:13,1
DA:15,1
DA:16,1
DA:17,1
DA:27,1
DA:28,1
DA:30,1
LF:11
LH:11
BRF:0
BRH:0
end_of_record
TN:
SF:Routes\TiposMantenimientos.ts
FNF:0
FNH:0
DA:1,1
DA:2,1
DA:3,1
DA:12,1
DA:14,1
DA:16,1
DA:17,1
DA:18,1
DA:19,1
DA:27,1
DA:28,1
DA:30,1
LF:12
LH:12
BRF:0
BRH:0
end_of_record
TN:
SF:Routes\Unidades.ts
FNF:0
FNH:0
DA:1,1
DA:2,1
DA:3,1
DA:11,1
DA:13,1
DA:15,1
DA:16,1
DA:17,1
DA:30,1
DA:31,1
DA:33,1
LF:11
LH:11
BRF:0
BRH:0
end_of_record
TN:
SF:Routes\Usuarios.ts
FNF:0
FNH:0
DA:1,1
DA:2,1
DA:3,1
DA:4,1
DA:7,1
DA:9,1
DA:11,1
DA:13,1
DA:14,1
DA:15,1
DA:25,1
DA:26,1
DA:28,1
LF:13
LH:13
BRF:0
BRH:0
end_of_record
TN:
SF:models\Establecimientos.ts
FNF:0
FNH:0
DA:2,1
DA:5,1
DA:27,1
DA:29,1
LF:4
LH:4
BRF:0
BRH:0
end_of_record
TN:
SF:models\Mantenimientos.ts
FNF:0
FNH:0
DA:2,1
DA:5,1
DA:51,1
DA:56,1
LF:4
LH:4
BRF:0
BRH:0
end_of_record
TN:
SF:models\Repostajes.ts
FNF:0
FNH:0
DA:2,1
DA:5,1
DA:34,1
DA:39,1
LF:4
LH:4
BRF:0
BRH:0
end_of_record
TN:
SF:models\Roles.ts
FNF:0
FNH:0
DA:2,1
DA:5,1
DA:22,1
DA:24,1
LF:4
LH:4
BRF:0
BRH:0
end_of_record
TN:
SF:models\Rutas.ts
FNF:0
FNH:0
DA:2,1
DA:5,1
DA:34,1
DA:36,1
LF:4
LH:4
BRF:0
BRH:0
end_of_record
TN:
SF:models\TiposMantenimientos.ts
FNF:0
FNH:0
DA:2,1
DA:6,1
DA:28,1
DA:30,1
LF:4
LH:4
BRF:0
BRH:0
end_of_record
TN:
SF:models\Unidades.ts
FNF:0
FNH:0
DA:2,1
DA:5,1
DA:43,1
DA:48,1
LF:4
LH:4
BRF:0
BRH:0
end_of_record
TN:
SF:models\Usuarios.ts
FNF:0
FNH:0
DA:2,1
DA:5,1
DA:39,1
DA:44,1
LF:4
LH:4
BRF:0
BRH:0
end_of_record
TN:
SF:models\index.ts
FN:11,(anonymous_0)
FN:12,(anonymous_1)
FN:13,(anonymous_2)
FN:14,(anonymous_3)
FN:15,(anonymous_4)
FN:16,(anonymous_5)
FN:17,(anonymous_6)
FN:18,(anonymous_7)
FNF:8
FNH:4
FNDA:0,(anonymous_0)
FNDA:4,(anonymous_1)
FNDA:4,(anonymous_2)
FNDA:0,(anonymous_3)
FNDA:0,(anonymous_4)
FNDA:4,(anonymous_5)
FNDA:0,(anonymous_6)
FNDA:6,(anonymous_7)
DA:1,1
DA:2,1
DA:3,1
DA:4,1
DA:5,1
DA:6,1
DA:7,1
DA:8,1
DA:11,1
DA:12,5
DA:13,5
DA:14,1
DA:15,1
DA:16,5
DA:17,1
DA:18,7
LF:16
LH:16
BRF:0
BRH:0
end_of_record
