{"C:\\Users\\Paul\\OneDrive\\Documents\\GitHub\\PROY-INTEGRACION-1\\backendmankar\\Index.ts": {"path":"C:\\Users\\Paul\\OneDrive\\Documents\\GitHub\\PROY-INTEGRACION-1\\backendmankar\\Index.ts","statementMap":{"0":{"start":{"line":1,"column":0},"end":{"line":1,"column":32}},"1":{"start":{"line":2,"column":0},"end":{"line":2,"column":9}},"2":{"start":{"line":4,"column":0},"end":{"line":4,"column":34}},"3":{"start":{"line":6,"column":15},"end":{"line":6,"column":27}},"4":{"start":{"line":7,"column":0},"end":{"line":7,"column":16}},"5":{"start":{"line":9,"column":0},"end":{"line":9,"column":null}}},"fnMap":{},"branchMap":{},"s":{"0":1,"1":1,"2":1,"3":1,"4":1,"5":1},"f":{},"b":{}}
,"C:\\Users\\Paul\\OneDrive\\Documents\\GitHub\\PROY-INTEGRACION-1\\backendmankar\\Server.ts": {"path":"C:\\Users\\Paul\\OneDrive\\Documents\\GitHub\\PROY-INTEGRACION-1\\backendmankar\\Server.ts","statementMap":{"0":{"start":{"line":1,"column":0},"end":{"line":1,"column":51}},"1":{"start":{"line":2,"column":0},"end":{"line":2,"column":23}},"2":{"start":{"line":3,"column":0},"end":{"line":3,"column":24}},"3":{"start":{"line":4,"column":0},"end":{"line":4,"column":48}},"4":{"start":{"line":7,"column":0},"end":{"line":7,"column":60}},"5":{"start":{"line":8,"column":0},"end":{"line":8,"column":60}},"6":{"start":{"line":9,"column":0},"end":{"line":9,"column":82}},"7":{"start":{"line":10,"column":0},"end":{"line":10,"column":54}},"8":{"start":{"line":11,"column":0},"end":{"line":11,"column":54}},"9":{"start":{"line":12,"column":0},"end":{"line":12,"column":64}},"10":{"start":{"line":13,"column":0},"end":{"line":13,"column":72}},"11":{"start":{"line":14,"column":0},"end":{"line":14,"column":76}},"12":{"start":{"line":24,"column":8},"end":{"line":24,"column":28}},"13":{"start":{"line":25,"column":8},"end":{"line":25,"column":31}},"14":{"start":{"line":26,"column":8},"end":{"line":26,"column":48}},"15":{"start":{"line":28,"column":8},"end":{"line":37,"column":10}},"16":{"start":{"line":38,"column":8},"end":{"line":38,"column":26}},"17":{"start":{"line":39,"column":8},"end":{"line":39,"column":27}},"18":{"start":{"line":40,"column":8},"end":{"line":40,"column":22}},"19":{"start":{"line":41,"column":8},"end":{"line":41,"column":45}},"20":{"start":{"line":42,"column":8},"end":{"line":42,"column":51}},"21":{"start":{"line":44,"column":8},"end":{"line":44,"column":59}},"22":{"start":{"line":48,"column":8},"end":{"line":48,"column":29}},"23":{"start":{"line":49,"column":8},"end":{"line":49,"column":37}},"24":{"start":{"line":52,"column":8},"end":{"line":52,"column":28}},"25":{"start":{"line":57,"column":8},"end":{"line":57,"column":57}},"26":{"start":{"line":58,"column":8},"end":{"line":58,"column":57}},"27":{"start":{"line":59,"column":8},"end":{"line":59,"column":79}},"28":{"start":{"line":60,"column":8},"end":{"line":60,"column":51}},"29":{"start":{"line":61,"column":8},"end":{"line":61,"column":51}},"30":{"start":{"line":62,"column":8},"end":{"line":62,"column":61}},"31":{"start":{"line":63,"column":8},"end":{"line":63,"column":69}},"32":{"start":{"line":64,"column":8},"end":{"line":64,"column":73}},"33":{"start":{"line":68,"column":8},"end":{"line":70,"column":11}},"34":{"start":{"line":69,"column":12},"end":{"line":69,"column":93}},"35":{"start":{"line":74,"column":8},"end":{"line":74,"column":32}},"36":{"start":{"line":78,"column":9},"end":{"line":78,"column":15}}},"fnMap":{"0":{"name":"(anonymous_14)","decl":{"start":{"line":23,"column":4},"end":{"line":23,"column":null}},"loc":{"start":{"line":23,"column":4},"end":{"line":45,"column":5}}},"1":{"name":"(anonymous_15)","decl":{"start":{"line":47,"column":12},"end":{"line":47,"column":23}},"loc":{"start":{"line":47,"column":23},"end":{"line":50,"column":5}}},"2":{"name":"(anonymous_16)","decl":{"start":{"line":51,"column":18},"end":{"line":51,"column":28}},"loc":{"start":{"line":51,"column":28},"end":{"line":53,"column":null}}},"3":{"name":"(anonymous_18)","decl":{"start":{"line":55,"column":12},"end":{"line":55,"column":18}},"loc":{"start":{"line":55,"column":18},"end":{"line":65,"column":5}}},"4":{"name":"(anonymous_19)","decl":{"start":{"line":67,"column":4},"end":{"line":67,"column":10}},"loc":{"start":{"line":67,"column":10},"end":{"line":71,"column":5}}},"5":{"name":"(anonymous_20)","decl":{"start":{"line":68,"column":40},"end":{"line":68,"column":43}},"loc":{"start":{"line":68,"column":45},"end":{"line":70,"column":9}}},"6":{"name":"(anonymous_21)","decl":{"start":{"line":73,"column":4},"end":{"line":73,"column":8}},"loc":{"start":{"line":73,"column":8},"end":{"line":75,"column":5}}}},"branchMap":{},"s":{"0":1,"1":1,"2":1,"3":1,"4":1,"5":1,"6":1,"7":1,"8":1,"9":1,"10":1,"11":1,"12":1,"13":1,"14":1,"15":1,"16":1,"17":1,"18":1,"19":1,"20":1,"21":1,"22":1,"23":1,"24":1,"25":1,"26":1,"27":1,"28":1,"29":1,"30":1,"31":1,"32":1,"33":1,"34":1,"35":0,"36":1},"f":{"0":1,"1":1,"2":1,"3":1,"4":1,"5":1,"6":0},"b":{}}
,"C:\\Users\\Paul\\OneDrive\\Documents\\GitHub\\PROY-INTEGRACION-1\\backendmankar\\Controllers\\Establecimientos.ts": {"path":"C:\\Users\\Paul\\OneDrive\\Documents\\GitHub\\PROY-INTEGRACION-1\\backendmankar\\Controllers\\Establecimientos.ts","statementMap":{"0":{"start":{"line":3,"column":0},"end":{"line":3,"column":44}},"1":{"start":{"line":6,"column":29},"end":{"line":22,"column":2}},"2":{"start":{"line":6,"column":67},"end":{"line":22,"column":2}},"3":{"start":{"line":7,"column":2},"end":{"line":21,"column":null}},"4":{"start":{"line":9,"column":51},"end":{"line":9,"column":59}},"5":{"start":{"line":13,"column":6},"end":{"line":13,"column":56}},"6":{"start":{"line":16,"column":4},"end":{"line":16,"column":48}},"7":{"start":{"line":19,"column":4},"end":{"line":19,"column":63}},"8":{"start":{"line":20,"column":4},"end":{"line":20,"column":66}},"9":{"start":{"line":140,"column":2},"end":{"line":140,"column":22}},"10":{"start":{"line":25,"column":31},"end":{"line":48,"column":2}},"11":{"start":{"line":25,"column":69},"end":{"line":48,"column":2}},"12":{"start":{"line":26,"column":2},"end":{"line":47,"column":null}},"13":{"start":{"line":27,"column":40},"end":{"line":27,"column":49}},"14":{"start":{"line":28,"column":18},"end":{"line":28,"column":34}},"15":{"start":{"line":31,"column":57},"end":{"line":36,"column":6}},"16":{"start":{"line":39,"column":4},"end":{"line":42,"column":7}},"17":{"start":{"line":45,"column":4},"end":{"line":45,"column":62}},"18":{"start":{"line":46,"column":4},"end":{"line":46,"column":66}},"19":{"start":{"line":141,"column":2},"end":{"line":141,"column":24}},"20":{"start":{"line":52,"column":35},"end":{"line":74,"column":2}},"21":{"start":{"line":52,"column":73},"end":{"line":74,"column":2}},"22":{"start":{"line":53,"column":2},"end":{"line":73,"column":null}},"23":{"start":{"line":54,"column":35},"end":{"line":54,"column":45}},"24":{"start":{"line":57,"column":38},"end":{"line":60,"column":6}},"25":{"start":{"line":62,"column":4},"end":{"line":65,"column":null}},"26":{"start":{"line":64,"column":6},"end":{"line":64,"column":80}},"27":{"start":{"line":68,"column":4},"end":{"line":68,"column":40}},"28":{"start":{"line":71,"column":4},"end":{"line":71,"column":71}},"29":{"start":{"line":72,"column":4},"end":{"line":72,"column":66}},"30":{"start":{"line":142,"column":2},"end":{"line":142,"column":28}},"31":{"start":{"line":78,"column":34},"end":{"line":106,"column":2}},"32":{"start":{"line":78,"column":72},"end":{"line":106,"column":2}},"33":{"start":{"line":79,"column":2},"end":{"line":105,"column":null}},"34":{"start":{"line":80,"column":35},"end":{"line":80,"column":45}},"35":{"start":{"line":81,"column":57},"end":{"line":81,"column":65}},"36":{"start":{"line":84,"column":37},"end":{"line":86,"column":6}},"37":{"start":{"line":88,"column":4},"end":{"line":91,"column":null}},"38":{"start":{"line":90,"column":6},"end":{"line":90,"column":80}},"39":{"start":{"line":94,"column":4},"end":{"line":97,"column":6}},"40":{"start":{"line":100,"column":4},"end":{"line":100,"column":83}},"41":{"start":{"line":103,"column":4},"end":{"line":103,"column":68}},"42":{"start":{"line":104,"column":4},"end":{"line":104,"column":66}},"43":{"start":{"line":143,"column":2},"end":{"line":143,"column":27}},"44":{"start":{"line":109,"column":34},"end":{"line":136,"column":2}},"45":{"start":{"line":109,"column":72},"end":{"line":136,"column":2}},"46":{"start":{"line":110,"column":2},"end":{"line":135,"column":null}},"47":{"start":{"line":111,"column":35},"end":{"line":111,"column":45}},"48":{"start":{"line":114,"column":37},"end":{"line":116,"column":6}},"49":{"start":{"line":118,"column":4},"end":{"line":121,"column":null}},"50":{"start":{"line":120,"column":6},"end":{"line":120,"column":80}},"51":{"start":{"line":124,"column":4},"end":{"line":127,"column":6}},"52":{"start":{"line":130,"column":4},"end":{"line":130,"column":83}},"53":{"start":{"line":133,"column":4},"end":{"line":133,"column":68}},"54":{"start":{"line":134,"column":4},"end":{"line":134,"column":66}},"55":{"start":{"line":144,"column":2},"end":{"line":144,"column":27}}},"fnMap":{"0":{"name":"(anonymous_7)","decl":{"start":{"line":6,"column":29},"end":{"line":6,"column":36}},"loc":{"start":{"line":6,"column":67},"end":{"line":22,"column":2}}},"1":{"name":"(anonymous_8)","decl":{"start":{"line":6,"column":67},"end":{"line":6,"column":null}},"loc":{"start":{"line":6,"column":67},"end":{"line":22,"column":1}}},"2":{"name":"(anonymous_9)","decl":{"start":{"line":25,"column":31},"end":{"line":25,"column":38}},"loc":{"start":{"line":25,"column":69},"end":{"line":48,"column":2}}},"3":{"name":"(anonymous_10)","decl":{"start":{"line":25,"column":69},"end":{"line":25,"column":null}},"loc":{"start":{"line":25,"column":69},"end":{"line":48,"column":1}}},"4":{"name":"(anonymous_11)","decl":{"start":{"line":52,"column":35},"end":{"line":52,"column":42}},"loc":{"start":{"line":52,"column":73},"end":{"line":74,"column":2}}},"5":{"name":"(anonymous_12)","decl":{"start":{"line":52,"column":73},"end":{"line":52,"column":null}},"loc":{"start":{"line":52,"column":73},"end":{"line":74,"column":1}}},"6":{"name":"(anonymous_13)","decl":{"start":{"line":78,"column":34},"end":{"line":78,"column":41}},"loc":{"start":{"line":78,"column":72},"end":{"line":106,"column":2}}},"7":{"name":"(anonymous_14)","decl":{"start":{"line":78,"column":72},"end":{"line":78,"column":null}},"loc":{"start":{"line":78,"column":72},"end":{"line":106,"column":1}}},"8":{"name":"(anonymous_15)","decl":{"start":{"line":109,"column":34},"end":{"line":109,"column":41}},"loc":{"start":{"line":109,"column":72},"end":{"line":136,"column":2}}},"9":{"name":"(anonymous_16)","decl":{"start":{"line":109,"column":72},"end":{"line":109,"column":null}},"loc":{"start":{"line":109,"column":72},"end":{"line":136,"column":1}}}},"branchMap":{"0":{"loc":{"start":{"line":27,"column":12},"end":{"line":27,"column":24}},"type":"default-arg","locations":[{"start":{"line":27,"column":21},"end":{"line":27,"column":24}}]},"1":{"loc":{"start":{"line":27,"column":26},"end":{"line":27,"column":35}},"type":"default-arg","locations":[{"start":{"line":27,"column":34},"end":{"line":27,"column":35}}]},"2":{"loc":{"start":{"line":62,"column":4},"end":{"line":65,"column":null}},"type":"if","locations":[{"start":{"line":62,"column":4},"end":{"line":65,"column":null}}]},"3":{"loc":{"start":{"line":88,"column":4},"end":{"line":91,"column":null}},"type":"if","locations":[{"start":{"line":88,"column":4},"end":{"line":91,"column":null}}]},"4":{"loc":{"start":{"line":118,"column":4},"end":{"line":121,"column":null}},"type":"if","locations":[{"start":{"line":118,"column":4},"end":{"line":121,"column":null}}]}},"s":{"0":1,"1":1,"2":0,"3":0,"4":0,"5":0,"6":0,"7":0,"8":0,"9":1,"10":1,"11":0,"12":0,"13":0,"14":0,"15":0,"16":0,"17":0,"18":0,"19":1,"20":1,"21":0,"22":0,"23":0,"24":0,"25":0,"26":0,"27":0,"28":0,"29":0,"30":1,"31":1,"32":0,"33":0,"34":0,"35":0,"36":0,"37":0,"38":0,"39":0,"40":0,"41":0,"42":0,"43":1,"44":1,"45":0,"46":0,"47":0,"48":0,"49":0,"50":0,"51":0,"52":0,"53":0,"54":0,"55":1},"f":{"0":0,"1":0,"2":0,"3":0,"4":0,"5":0,"6":0,"7":0,"8":0,"9":0},"b":{"0":[0],"1":[0],"2":[0],"3":[0],"4":[0]}}
,"C:\\Users\\Paul\\OneDrive\\Documents\\GitHub\\PROY-INTEGRACION-1\\backendmankar\\Controllers\\Index.ts": {"path":"C:\\Users\\Paul\\OneDrive\\Documents\\GitHub\\PROY-INTEGRACION-1\\backendmankar\\Controllers\\Index.ts","statementMap":{"0":{"start":{"line":1,"column":0},"end":{"line":1,"column":38}},"1":{"start":{"line":11,"column":2},"end":{"line":11,"column":9}},"2":{"start":{"line":2,"column":0},"end":{"line":2,"column":37}},"3":{"start":{"line":12,"column":2},"end":{"line":12,"column":8}},"4":{"start":{"line":3,"column":0},"end":{"line":3,"column":59}},"5":{"start":{"line":13,"column":2},"end":{"line":13,"column":19}},"6":{"start":{"line":4,"column":0},"end":{"line":4,"column":32}},"7":{"start":{"line":14,"column":2},"end":{"line":14,"column":6}},"8":{"start":{"line":5,"column":0},"end":{"line":5,"column":31}},"9":{"start":{"line":15,"column":2},"end":{"line":15,"column":5}},"10":{"start":{"line":6,"column":0},"end":{"line":6,"column":42}},"11":{"start":{"line":16,"column":2},"end":{"line":16,"column":11}},"12":{"start":{"line":7,"column":0},"end":{"line":7,"column":50}},"13":{"start":{"line":17,"column":2},"end":{"line":17,"column":15}},"14":{"start":{"line":8,"column":0},"end":{"line":8,"column":54}},"15":{"start":{"line":18,"column":2},"end":{"line":18,"column":17}}},"fnMap":{},"branchMap":{},"s":{"0":1,"1":1,"2":1,"3":1,"4":1,"5":1,"6":1,"7":1,"8":1,"9":1,"10":1,"11":1,"12":1,"13":1,"14":1,"15":1},"f":{},"b":{}}
,"C:\\Users\\Paul\\OneDrive\\Documents\\GitHub\\PROY-INTEGRACION-1\\backendmankar\\Controllers\\Mantenimientos.ts": {"path":"C:\\Users\\Paul\\OneDrive\\Documents\\GitHub\\PROY-INTEGRACION-1\\backendmankar\\Controllers\\Mantenimientos.ts","statementMap":{"0":{"start":{"line":3,"column":0},"end":{"line":3,"column":42}},"1":{"start":{"line":5,"column":29},"end":{"line":44,"column":4}},"2":{"start":{"line":5,"column":67},"end":{"line":44,"column":4}},"3":{"start":{"line":6,"column":4},"end":{"line":43,"column":null}},"4":{"start":{"line":8,"column":49},"end":{"line":8,"column":57}},"5":{"start":{"line":11,"column":51},"end":{"line":27,"column":8}},"6":{"start":{"line":11,"column":62},"end":{"line":27,"column":8}},"7":{"start":{"line":12,"column":36},"end":{"line":12,"column":71}},"8":{"start":{"line":15,"column":8},"end":{"line":24,"column":41}},"9":{"start":{"line":16,"column":10},"end":{"line":18,"column":13}},"10":{"start":{"line":20,"column":10},"end":{"line":23,"column":null}},"11":{"start":{"line":22,"column":12},"end":{"line":22,"column":36}},"12":{"start":{"line":26,"column":8},"end":{"line":26,"column":37}},"13":{"start":{"line":30,"column":6},"end":{"line":30,"column":89}},"14":{"start":{"line":33,"column":50},"end":{"line":34,"column":null}},"15":{"start":{"line":38,"column":6},"end":{"line":38,"column":48}},"16":{"start":{"line":41,"column":6},"end":{"line":41,"column":63}},"17":{"start":{"line":42,"column":6},"end":{"line":42,"column":68}},"18":{"start":{"line":152,"column":2},"end":{"line":152,"column":20}},"19":{"start":{"line":48,"column":29},"end":{"line":66,"column":2}},"20":{"start":{"line":48,"column":67},"end":{"line":66,"column":2}},"21":{"start":{"line":49,"column":2},"end":{"line":65,"column":null}},"22":{"start":{"line":50,"column":18},"end":{"line":50,"column":34}},"23":{"start":{"line":53,"column":55},"end":{"line":56,"column":6}},"24":{"start":{"line":58,"column":4},"end":{"line":61,"column":7}},"25":{"start":{"line":63,"column":4},"end":{"line":63,"column":60}},"26":{"start":{"line":64,"column":4},"end":{"line":64,"column":66}},"27":{"start":{"line":153,"column":2},"end":{"line":153,"column":22}},"28":{"start":{"line":68,"column":33},"end":{"line":90,"column":2}},"29":{"start":{"line":68,"column":71},"end":{"line":90,"column":2}},"30":{"start":{"line":69,"column":2},"end":{"line":89,"column":null}},"31":{"start":{"line":71,"column":33},"end":{"line":71,"column":43}},"32":{"start":{"line":74,"column":26},"end":{"line":76,"column":6}},"33":{"start":{"line":78,"column":4},"end":{"line":81,"column":null}},"34":{"start":{"line":80,"column":6},"end":{"line":80,"column":76}},"35":{"start":{"line":84,"column":4},"end":{"line":84,"column":40}},"36":{"start":{"line":87,"column":4},"end":{"line":87,"column":69}},"37":{"start":{"line":88,"column":4},"end":{"line":88,"column":66}},"38":{"start":{"line":154,"column":2},"end":{"line":154,"column":26}},"39":{"start":{"line":91,"column":32},"end":{"line":119,"column":2}},"40":{"start":{"line":91,"column":70},"end":{"line":119,"column":2}},"41":{"start":{"line":92,"column":2},"end":{"line":118,"column":null}},"42":{"start":{"line":93,"column":33},"end":{"line":93,"column":43}},"43":{"start":{"line":94,"column":30},"end":{"line":94,"column":38}},"44":{"start":{"line":97,"column":35},"end":{"line":99,"column":6}},"45":{"start":{"line":101,"column":4},"end":{"line":104,"column":null}},"46":{"start":{"line":103,"column":6},"end":{"line":103,"column":78}},"47":{"start":{"line":107,"column":4},"end":{"line":110,"column":6}},"48":{"start":{"line":113,"column":4},"end":{"line":113,"column":81}},"49":{"start":{"line":116,"column":4},"end":{"line":116,"column":87}},"50":{"start":{"line":117,"column":4},"end":{"line":117,"column":66}},"51":{"start":{"line":155,"column":2},"end":{"line":155,"column":25}},"52":{"start":{"line":122,"column":32},"end":{"line":149,"column":2}},"53":{"start":{"line":122,"column":70},"end":{"line":149,"column":2}},"54":{"start":{"line":123,"column":2},"end":{"line":148,"column":null}},"55":{"start":{"line":124,"column":33},"end":{"line":124,"column":43}},"56":{"start":{"line":127,"column":35},"end":{"line":129,"column":6}},"57":{"start":{"line":131,"column":4},"end":{"line":134,"column":null}},"58":{"start":{"line":133,"column":6},"end":{"line":133,"column":78}},"59":{"start":{"line":137,"column":4},"end":{"line":140,"column":6}},"60":{"start":{"line":143,"column":4},"end":{"line":143,"column":81}},"61":{"start":{"line":146,"column":4},"end":{"line":146,"column":87}},"62":{"start":{"line":147,"column":4},"end":{"line":147,"column":66}},"63":{"start":{"line":156,"column":2},"end":{"line":156,"column":25}}},"fnMap":{"0":{"name":"(anonymous_7)","decl":{"start":{"line":5,"column":29},"end":{"line":5,"column":36}},"loc":{"start":{"line":5,"column":67},"end":{"line":44,"column":4}}},"1":{"name":"(anonymous_8)","decl":{"start":{"line":5,"column":67},"end":{"line":5,"column":null}},"loc":{"start":{"line":5,"column":67},"end":{"line":44,"column":3}}},"2":{"name":"(anonymous_9)","decl":{"start":{"line":11,"column":51},"end":{"line":11,"column":60}},"loc":{"start":{"line":11,"column":62},"end":{"line":27,"column":8}}},"3":{"name":"(anonymous_10)","decl":{"start":{"line":11,"column":62},"end":{"line":11,"column":null}},"loc":{"start":{"line":11,"column":62},"end":{"line":27,"column":7}}},"4":{"name":"(anonymous_11)","decl":{"start":{"line":48,"column":29},"end":{"line":48,"column":36}},"loc":{"start":{"line":48,"column":67},"end":{"line":66,"column":2}}},"5":{"name":"(anonymous_12)","decl":{"start":{"line":48,"column":67},"end":{"line":48,"column":null}},"loc":{"start":{"line":48,"column":67},"end":{"line":66,"column":1}}},"6":{"name":"(anonymous_13)","decl":{"start":{"line":68,"column":33},"end":{"line":68,"column":40}},"loc":{"start":{"line":68,"column":71},"end":{"line":90,"column":2}}},"7":{"name":"(anonymous_14)","decl":{"start":{"line":68,"column":71},"end":{"line":68,"column":null}},"loc":{"start":{"line":68,"column":71},"end":{"line":90,"column":1}}},"8":{"name":"(anonymous_15)","decl":{"start":{"line":91,"column":32},"end":{"line":91,"column":39}},"loc":{"start":{"line":91,"column":70},"end":{"line":119,"column":2}}},"9":{"name":"(anonymous_16)","decl":{"start":{"line":91,"column":70},"end":{"line":91,"column":null}},"loc":{"start":{"line":91,"column":70},"end":{"line":119,"column":1}}},"10":{"name":"(anonymous_17)","decl":{"start":{"line":122,"column":32},"end":{"line":122,"column":39}},"loc":{"start":{"line":122,"column":70},"end":{"line":149,"column":2}}},"11":{"name":"(anonymous_18)","decl":{"start":{"line":122,"column":70},"end":{"line":122,"column":null}},"loc":{"start":{"line":122,"column":70},"end":{"line":149,"column":1}}}},"branchMap":{"0":{"loc":{"start":{"line":20,"column":10},"end":{"line":23,"column":null}},"type":"if","locations":[{"start":{"line":20,"column":10},"end":{"line":23,"column":null}}]},"1":{"loc":{"start":{"line":78,"column":4},"end":{"line":81,"column":null}},"type":"if","locations":[{"start":{"line":78,"column":4},"end":{"line":81,"column":null}}]},"2":{"loc":{"start":{"line":101,"column":4},"end":{"line":104,"column":null}},"type":"if","locations":[{"start":{"line":101,"column":4},"end":{"line":104,"column":null}}]},"3":{"loc":{"start":{"line":131,"column":4},"end":{"line":134,"column":null}},"type":"if","locations":[{"start":{"line":131,"column":4},"end":{"line":134,"column":null}}]}},"s":{"0":1,"1":1,"2":1,"3":1,"4":1,"5":1,"6":1,"7":1,"8":1,"9":1,"10":1,"11":0,"12":1,"13":1,"14":1,"15":0,"16":1,"17":1,"18":1,"19":1,"20":1,"21":1,"22":1,"23":1,"24":1,"25":0,"26":0,"27":1,"28":1,"29":0,"30":0,"31":0,"32":0,"33":0,"34":0,"35":0,"36":0,"37":0,"38":1,"39":1,"40":0,"41":0,"42":0,"43":0,"44":0,"45":0,"46":0,"47":0,"48":0,"49":0,"50":0,"51":1,"52":1,"53":0,"54":0,"55":0,"56":0,"57":0,"58":0,"59":0,"60":0,"61":0,"62":0,"63":1},"f":{"0":1,"1":1,"2":1,"3":1,"4":1,"5":1,"6":0,"7":0,"8":0,"9":0,"10":0,"11":0},"b":{"0":[0],"1":[0],"2":[0],"3":[0]}}
,"C:\\Users\\Paul\\OneDrive\\Documents\\GitHub\\PROY-INTEGRACION-1\\backendmankar\\Controllers\\Repostajes.ts": {"path":"C:\\Users\\Paul\\OneDrive\\Documents\\GitHub\\PROY-INTEGRACION-1\\backendmankar\\Controllers\\Repostajes.ts","statementMap":{"0":{"start":{"line":3,"column":0},"end":{"line":3,"column":38}},"1":{"start":{"line":24,"column":23},"end":{"line":57,"column":2}},"2":{"start":{"line":24,"column":61},"end":{"line":57,"column":2}},"3":{"start":{"line":25,"column":2},"end":{"line":56,"column":null}},"4":{"start":{"line":26,"column":39},"end":{"line":26,"column":47}},"5":{"start":{"line":29,"column":45},"end":{"line":45,"column":6}},"6":{"start":{"line":29,"column":56},"end":{"line":45,"column":6}},"7":{"start":{"line":30,"column":30},"end":{"line":30,"column":57}},"8":{"start":{"line":33,"column":6},"end":{"line":42,"column":35}},"9":{"start":{"line":34,"column":8},"end":{"line":36,"column":11}},"10":{"start":{"line":38,"column":8},"end":{"line":41,"column":null}},"11":{"start":{"line":40,"column":10},"end":{"line":40,"column":30}},"12":{"start":{"line":44,"column":6},"end":{"line":44,"column":31}},"13":{"start":{"line":48,"column":4},"end":{"line":48,"column":75}},"14":{"start":{"line":51,"column":40},"end":{"line":51,"column":78}},"15":{"start":{"line":52,"column":4},"end":{"line":52,"column":42}},"16":{"start":{"line":54,"column":4},"end":{"line":54,"column":57}},"17":{"start":{"line":55,"column":4},"end":{"line":55,"column":66}},"18":{"start":{"line":131,"column":2},"end":{"line":131,"column":16}},"19":{"start":{"line":62,"column":25},"end":{"line":78,"column":2}},"20":{"start":{"line":62,"column":63},"end":{"line":78,"column":2}},"21":{"start":{"line":63,"column":2},"end":{"line":77,"column":null}},"22":{"start":{"line":64,"column":40},"end":{"line":64,"column":49}},"23":{"start":{"line":65,"column":18},"end":{"line":65,"column":34}},"24":{"start":{"line":66,"column":51},"end":{"line":69,"column":6}},"25":{"start":{"line":70,"column":4},"end":{"line":73,"column":7}},"26":{"start":{"line":75,"column":4},"end":{"line":75,"column":56}},"27":{"start":{"line":76,"column":4},"end":{"line":76,"column":66}},"28":{"start":{"line":132,"column":2},"end":{"line":132,"column":18}},"29":{"start":{"line":79,"column":29},"end":{"line":95,"column":2}},"30":{"start":{"line":79,"column":67},"end":{"line":95,"column":2}},"31":{"start":{"line":80,"column":2},"end":{"line":94,"column":null}},"32":{"start":{"line":81,"column":19},"end":{"line":81,"column":29}},"33":{"start":{"line":82,"column":32},"end":{"line":85,"column":6}},"34":{"start":{"line":87,"column":4},"end":{"line":89,"column":null}},"35":{"start":{"line":88,"column":6},"end":{"line":88,"column":74}},"36":{"start":{"line":90,"column":4},"end":{"line":90,"column":34}},"37":{"start":{"line":92,"column":4},"end":{"line":92,"column":65}},"38":{"start":{"line":93,"column":4},"end":{"line":93,"column":66}},"39":{"start":{"line":133,"column":2},"end":{"line":133,"column":22}},"40":{"start":{"line":98,"column":28},"end":{"line":112,"column":2}},"41":{"start":{"line":98,"column":66},"end":{"line":112,"column":2}},"42":{"start":{"line":99,"column":2},"end":{"line":111,"column":null}},"43":{"start":{"line":100,"column":19},"end":{"line":100,"column":29}},"44":{"start":{"line":101,"column":30},"end":{"line":101,"column":38}},"45":{"start":{"line":102,"column":31},"end":{"line":102,"column":67}},"46":{"start":{"line":103,"column":4},"end":{"line":105,"column":null}},"47":{"start":{"line":104,"column":6},"end":{"line":104,"column":74}},"48":{"start":{"line":106,"column":4},"end":{"line":106,"column":69}},"49":{"start":{"line":107,"column":4},"end":{"line":107,"column":77}},"50":{"start":{"line":109,"column":4},"end":{"line":109,"column":62}},"51":{"start":{"line":110,"column":4},"end":{"line":110,"column":66}},"52":{"start":{"line":134,"column":2},"end":{"line":134,"column":21}},"53":{"start":{"line":115,"column":28},"end":{"line":128,"column":2}},"54":{"start":{"line":115,"column":66},"end":{"line":128,"column":2}},"55":{"start":{"line":116,"column":2},"end":{"line":127,"column":null}},"56":{"start":{"line":117,"column":19},"end":{"line":117,"column":29}},"57":{"start":{"line":118,"column":31},"end":{"line":118,"column":67}},"58":{"start":{"line":119,"column":4},"end":{"line":121,"column":null}},"59":{"start":{"line":120,"column":6},"end":{"line":120,"column":74}},"60":{"start":{"line":122,"column":4},"end":{"line":122,"column":69}},"61":{"start":{"line":123,"column":4},"end":{"line":123,"column":77}},"62":{"start":{"line":125,"column":4},"end":{"line":125,"column":62}},"63":{"start":{"line":126,"column":4},"end":{"line":126,"column":66}},"64":{"start":{"line":135,"column":2},"end":{"line":135,"column":21}}},"fnMap":{"0":{"name":"(anonymous_7)","decl":{"start":{"line":24,"column":23},"end":{"line":24,"column":30}},"loc":{"start":{"line":24,"column":61},"end":{"line":57,"column":2}}},"1":{"name":"(anonymous_8)","decl":{"start":{"line":24,"column":61},"end":{"line":24,"column":null}},"loc":{"start":{"line":24,"column":61},"end":{"line":57,"column":1}}},"2":{"name":"(anonymous_9)","decl":{"start":{"line":29,"column":45},"end":{"line":29,"column":54}},"loc":{"start":{"line":29,"column":56},"end":{"line":45,"column":6}}},"3":{"name":"(anonymous_10)","decl":{"start":{"line":29,"column":56},"end":{"line":29,"column":null}},"loc":{"start":{"line":29,"column":56},"end":{"line":45,"column":5}}},"4":{"name":"(anonymous_11)","decl":{"start":{"line":62,"column":25},"end":{"line":62,"column":32}},"loc":{"start":{"line":62,"column":63},"end":{"line":78,"column":2}}},"5":{"name":"(anonymous_12)","decl":{"start":{"line":62,"column":63},"end":{"line":62,"column":null}},"loc":{"start":{"line":62,"column":63},"end":{"line":78,"column":1}}},"6":{"name":"(anonymous_13)","decl":{"start":{"line":79,"column":29},"end":{"line":79,"column":36}},"loc":{"start":{"line":79,"column":67},"end":{"line":95,"column":2}}},"7":{"name":"(anonymous_14)","decl":{"start":{"line":79,"column":67},"end":{"line":79,"column":null}},"loc":{"start":{"line":79,"column":67},"end":{"line":95,"column":1}}},"8":{"name":"(anonymous_15)","decl":{"start":{"line":98,"column":28},"end":{"line":98,"column":35}},"loc":{"start":{"line":98,"column":66},"end":{"line":112,"column":2}}},"9":{"name":"(anonymous_16)","decl":{"start":{"line":98,"column":66},"end":{"line":98,"column":null}},"loc":{"start":{"line":98,"column":66},"end":{"line":112,"column":1}}},"10":{"name":"(anonymous_17)","decl":{"start":{"line":115,"column":28},"end":{"line":115,"column":35}},"loc":{"start":{"line":115,"column":66},"end":{"line":128,"column":2}}},"11":{"name":"(anonymous_18)","decl":{"start":{"line":115,"column":66},"end":{"line":115,"column":null}},"loc":{"start":{"line":115,"column":66},"end":{"line":128,"column":1}}}},"branchMap":{"0":{"loc":{"start":{"line":38,"column":8},"end":{"line":41,"column":null}},"type":"if","locations":[{"start":{"line":38,"column":8},"end":{"line":41,"column":null}}]},"1":{"loc":{"start":{"line":64,"column":12},"end":{"line":64,"column":24}},"type":"default-arg","locations":[{"start":{"line":64,"column":21},"end":{"line":64,"column":24}}]},"2":{"loc":{"start":{"line":64,"column":26},"end":{"line":64,"column":35}},"type":"default-arg","locations":[{"start":{"line":64,"column":34},"end":{"line":64,"column":35}}]},"3":{"loc":{"start":{"line":87,"column":4},"end":{"line":89,"column":null}},"type":"if","locations":[{"start":{"line":87,"column":4},"end":{"line":89,"column":null}}]},"4":{"loc":{"start":{"line":103,"column":4},"end":{"line":105,"column":null}},"type":"if","locations":[{"start":{"line":103,"column":4},"end":{"line":105,"column":null}}]},"5":{"loc":{"start":{"line":119,"column":4},"end":{"line":121,"column":null}},"type":"if","locations":[{"start":{"line":119,"column":4},"end":{"line":121,"column":null}}]}},"s":{"0":1,"1":1,"2":0,"3":0,"4":0,"5":0,"6":0,"7":0,"8":0,"9":0,"10":0,"11":0,"12":0,"13":0,"14":0,"15":0,"16":0,"17":0,"18":1,"19":1,"20":0,"21":0,"22":0,"23":0,"24":0,"25":0,"26":0,"27":0,"28":1,"29":1,"30":0,"31":0,"32":0,"33":0,"34":0,"35":0,"36":0,"37":0,"38":0,"39":1,"40":1,"41":0,"42":0,"43":0,"44":0,"45":0,"46":0,"47":0,"48":0,"49":0,"50":0,"51":0,"52":1,"53":1,"54":0,"55":0,"56":0,"57":0,"58":0,"59":0,"60":0,"61":0,"62":0,"63":0,"64":1},"f":{"0":0,"1":0,"2":0,"3":0,"4":0,"5":0,"6":0,"7":0,"8":0,"9":0,"10":0,"11":0},"b":{"0":[0],"1":[0],"2":[0],"3":[0],"4":[0],"5":[0]}}
,"C:\\Users\\Paul\\OneDrive\\Documents\\GitHub\\PROY-INTEGRACION-1\\backendmankar\\Controllers\\Roles.ts": {"path":"C:\\Users\\Paul\\OneDrive\\Documents\\GitHub\\PROY-INTEGRACION-1\\backendmankar\\Controllers\\Roles.ts","statementMap":{"0":{"start":{"line":3,"column":0},"end":{"line":3,"column":32}},"1":{"start":{"line":7,"column":17},"end":{"line":24,"column":2}},"2":{"start":{"line":7,"column":55},"end":{"line":24,"column":2}},"3":{"start":{"line":8,"column":2},"end":{"line":23,"column":null}},"4":{"start":{"line":9,"column":28},"end":{"line":9,"column":36}},"5":{"start":{"line":10,"column":39},"end":{"line":12,"column":6}},"6":{"start":{"line":14,"column":4},"end":{"line":16,"column":null}},"7":{"start":{"line":15,"column":6},"end":{"line":15,"column":65}},"8":{"start":{"line":18,"column":29},"end":{"line":18,"column":55}},"9":{"start":{"line":19,"column":4},"end":{"line":19,"column":36}},"10":{"start":{"line":21,"column":4},"end":{"line":21,"column":51}},"11":{"start":{"line":22,"column":4},"end":{"line":22,"column":66}},"12":{"start":{"line":111,"column":2},"end":{"line":111,"column":10}},"13":{"start":{"line":27,"column":20},"end":{"line":45,"column":2}},"14":{"start":{"line":27,"column":58},"end":{"line":45,"column":2}},"15":{"start":{"line":28,"column":2},"end":{"line":44,"column":null}},"16":{"start":{"line":29,"column":40},"end":{"line":29,"column":49}},"17":{"start":{"line":30,"column":18},"end":{"line":30,"column":34}},"18":{"start":{"line":32,"column":46},"end":{"line":35,"column":6}},"19":{"start":{"line":37,"column":4},"end":{"line":40,"column":7}},"20":{"start":{"line":42,"column":4},"end":{"line":42,"column":51}},"21":{"start":{"line":43,"column":4},"end":{"line":43,"column":66}},"22":{"start":{"line":109,"column":2},"end":{"line":109,"column":13}},"23":{"start":{"line":47,"column":23},"end":{"line":64,"column":2}},"24":{"start":{"line":47,"column":61},"end":{"line":64,"column":2}},"25":{"start":{"line":48,"column":2},"end":{"line":63,"column":null}},"26":{"start":{"line":49,"column":23},"end":{"line":49,"column":33}},"27":{"start":{"line":50,"column":40},"end":{"line":53,"column":6}},"28":{"start":{"line":55,"column":4},"end":{"line":57,"column":null}},"29":{"start":{"line":56,"column":6},"end":{"line":56,"column":68}},"30":{"start":{"line":59,"column":4},"end":{"line":59,"column":28}},"31":{"start":{"line":61,"column":4},"end":{"line":61,"column":59}},"32":{"start":{"line":62,"column":4},"end":{"line":62,"column":66}},"33":{"start":{"line":110,"column":2},"end":{"line":110,"column":16}},"34":{"start":{"line":67,"column":22},"end":{"line":86,"column":2}},"35":{"start":{"line":67,"column":60},"end":{"line":86,"column":2}},"36":{"start":{"line":68,"column":2},"end":{"line":85,"column":null}},"37":{"start":{"line":69,"column":23},"end":{"line":69,"column":33}},"38":{"start":{"line":70,"column":37},"end":{"line":70,"column":45}},"39":{"start":{"line":72,"column":39},"end":{"line":74,"column":6}},"40":{"start":{"line":76,"column":4},"end":{"line":78,"column":null}},"41":{"start":{"line":77,"column":6},"end":{"line":77,"column":68}},"42":{"start":{"line":80,"column":4},"end":{"line":80,"column":62}},"43":{"start":{"line":81,"column":4},"end":{"line":81,"column":71}},"44":{"start":{"line":83,"column":4},"end":{"line":83,"column":56}},"45":{"start":{"line":84,"column":4},"end":{"line":84,"column":66}},"46":{"start":{"line":112,"column":2},"end":{"line":112,"column":15}},"47":{"start":{"line":88,"column":22},"end":{"line":106,"column":2}},"48":{"start":{"line":88,"column":60},"end":{"line":106,"column":2}},"49":{"start":{"line":89,"column":2},"end":{"line":105,"column":null}},"50":{"start":{"line":90,"column":23},"end":{"line":90,"column":33}},"51":{"start":{"line":92,"column":39},"end":{"line":94,"column":6}},"52":{"start":{"line":96,"column":4},"end":{"line":98,"column":null}},"53":{"start":{"line":97,"column":6},"end":{"line":97,"column":68}},"54":{"start":{"line":100,"column":4},"end":{"line":100,"column":62}},"55":{"start":{"line":101,"column":4},"end":{"line":101,"column":71}},"56":{"start":{"line":103,"column":4},"end":{"line":103,"column":56}},"57":{"start":{"line":104,"column":4},"end":{"line":104,"column":66}},"58":{"start":{"line":113,"column":2},"end":{"line":113,"column":15}}},"fnMap":{"0":{"name":"(anonymous_7)","decl":{"start":{"line":7,"column":17},"end":{"line":7,"column":24}},"loc":{"start":{"line":7,"column":55},"end":{"line":24,"column":2}}},"1":{"name":"(anonymous_8)","decl":{"start":{"line":7,"column":55},"end":{"line":7,"column":null}},"loc":{"start":{"line":7,"column":55},"end":{"line":24,"column":1}}},"2":{"name":"(anonymous_9)","decl":{"start":{"line":27,"column":20},"end":{"line":27,"column":27}},"loc":{"start":{"line":27,"column":58},"end":{"line":45,"column":2}}},"3":{"name":"(anonymous_10)","decl":{"start":{"line":27,"column":58},"end":{"line":27,"column":null}},"loc":{"start":{"line":27,"column":58},"end":{"line":45,"column":1}}},"4":{"name":"(anonymous_11)","decl":{"start":{"line":47,"column":23},"end":{"line":47,"column":30}},"loc":{"start":{"line":47,"column":61},"end":{"line":64,"column":2}}},"5":{"name":"(anonymous_12)","decl":{"start":{"line":47,"column":61},"end":{"line":47,"column":null}},"loc":{"start":{"line":47,"column":61},"end":{"line":64,"column":1}}},"6":{"name":"(anonymous_13)","decl":{"start":{"line":67,"column":22},"end":{"line":67,"column":29}},"loc":{"start":{"line":67,"column":60},"end":{"line":86,"column":2}}},"7":{"name":"(anonymous_14)","decl":{"start":{"line":67,"column":60},"end":{"line":67,"column":null}},"loc":{"start":{"line":67,"column":60},"end":{"line":86,"column":1}}},"8":{"name":"(anonymous_15)","decl":{"start":{"line":88,"column":22},"end":{"line":88,"column":29}},"loc":{"start":{"line":88,"column":60},"end":{"line":106,"column":2}}},"9":{"name":"(anonymous_16)","decl":{"start":{"line":88,"column":60},"end":{"line":88,"column":null}},"loc":{"start":{"line":88,"column":60},"end":{"line":106,"column":1}}}},"branchMap":{"0":{"loc":{"start":{"line":14,"column":4},"end":{"line":16,"column":null}},"type":"if","locations":[{"start":{"line":14,"column":4},"end":{"line":16,"column":null}}]},"1":{"loc":{"start":{"line":29,"column":12},"end":{"line":29,"column":24}},"type":"default-arg","locations":[{"start":{"line":29,"column":21},"end":{"line":29,"column":24}}]},"2":{"loc":{"start":{"line":29,"column":26},"end":{"line":29,"column":35}},"type":"default-arg","locations":[{"start":{"line":29,"column":34},"end":{"line":29,"column":35}}]},"3":{"loc":{"start":{"line":55,"column":4},"end":{"line":57,"column":null}},"type":"if","locations":[{"start":{"line":55,"column":4},"end":{"line":57,"column":null}}]},"4":{"loc":{"start":{"line":76,"column":4},"end":{"line":78,"column":null}},"type":"if","locations":[{"start":{"line":76,"column":4},"end":{"line":78,"column":null}}]},"5":{"loc":{"start":{"line":96,"column":4},"end":{"line":98,"column":null}},"type":"if","locations":[{"start":{"line":96,"column":4},"end":{"line":98,"column":null}}]}},"s":{"0":1,"1":1,"2":0,"3":0,"4":0,"5":0,"6":0,"7":0,"8":0,"9":0,"10":0,"11":0,"12":1,"13":1,"14":0,"15":0,"16":0,"17":0,"18":0,"19":0,"20":0,"21":0,"22":1,"23":1,"24":0,"25":0,"26":0,"27":0,"28":0,"29":0,"30":0,"31":0,"32":0,"33":1,"34":1,"35":0,"36":0,"37":0,"38":0,"39":0,"40":0,"41":0,"42":0,"43":0,"44":0,"45":0,"46":1,"47":1,"48":0,"49":0,"50":0,"51":0,"52":0,"53":0,"54":0,"55":0,"56":0,"57":0,"58":1},"f":{"0":0,"1":0,"2":0,"3":0,"4":0,"5":0,"6":0,"7":0,"8":0,"9":0},"b":{"0":[0],"1":[0],"2":[0],"3":[0],"4":[0],"5":[0]}}
,"C:\\Users\\Paul\\OneDrive\\Documents\\GitHub\\PROY-INTEGRACION-1\\backendmankar\\Controllers\\Rutas.ts": {"path":"C:\\Users\\Paul\\OneDrive\\Documents\\GitHub\\PROY-INTEGRACION-1\\backendmankar\\Controllers\\Rutas.ts","statementMap":{"0":{"start":{"line":3,"column":0},"end":{"line":3,"column":33}},"1":{"start":{"line":5,"column":20},"end":{"line":23,"column":2}},"2":{"start":{"line":5,"column":58},"end":{"line":23,"column":2}},"3":{"start":{"line":6,"column":2},"end":{"line":22,"column":null}},"4":{"start":{"line":7,"column":40},"end":{"line":7,"column":49}},"5":{"start":{"line":8,"column":18},"end":{"line":8,"column":34}},"6":{"start":{"line":10,"column":46},"end":{"line":13,"column":6}},"7":{"start":{"line":15,"column":4},"end":{"line":18,"column":7}},"8":{"start":{"line":20,"column":4},"end":{"line":20,"column":51}},"9":{"start":{"line":21,"column":4},"end":{"line":21,"column":66}},"10":{"start":{"line":117,"column":2},"end":{"line":117,"column":13}},"11":{"start":{"line":25,"column":24},"end":{"line":42,"column":2}},"12":{"start":{"line":25,"column":62},"end":{"line":42,"column":2}},"13":{"start":{"line":26,"column":2},"end":{"line":41,"column":null}},"14":{"start":{"line":27,"column":25},"end":{"line":27,"column":35}},"15":{"start":{"line":28,"column":41},"end":{"line":31,"column":6}},"16":{"start":{"line":33,"column":4},"end":{"line":35,"column":null}},"17":{"start":{"line":34,"column":6},"end":{"line":34,"column":69}},"18":{"start":{"line":37,"column":4},"end":{"line":37,"column":29}},"19":{"start":{"line":39,"column":4},"end":{"line":39,"column":60}},"20":{"start":{"line":40,"column":4},"end":{"line":40,"column":66}},"21":{"start":{"line":118,"column":2},"end":{"line":118,"column":17}},"22":{"start":{"line":43,"column":18},"end":{"line":72,"column":2}},"23":{"start":{"line":43,"column":56},"end":{"line":72,"column":2}},"24":{"start":{"line":44,"column":2},"end":{"line":71,"column":null}},"25":{"start":{"line":45,"column":29},"end":{"line":45,"column":37}},"26":{"start":{"line":47,"column":41},"end":{"line":62,"column":6}},"27":{"start":{"line":47,"column":52},"end":{"line":62,"column":6}},"28":{"start":{"line":48,"column":26},"end":{"line":48,"column":44}},"29":{"start":{"line":51,"column":6},"end":{"line":59,"column":30}},"30":{"start":{"line":52,"column":8},"end":{"line":54,"column":11}},"31":{"start":{"line":56,"column":8},"end":{"line":58,"column":null}},"32":{"start":{"line":57,"column":10},"end":{"line":57,"column":26}},"33":{"start":{"line":61,"column":6},"end":{"line":61,"column":27}},"34":{"start":{"line":64,"column":4},"end":{"line":64,"column":62}},"35":{"start":{"line":66,"column":30},"end":{"line":66,"column":58}},"36":{"start":{"line":67,"column":4},"end":{"line":67,"column":37}},"37":{"start":{"line":69,"column":4},"end":{"line":69,"column":53}},"38":{"start":{"line":70,"column":4},"end":{"line":70,"column":66}},"39":{"start":{"line":119,"column":2},"end":{"line":119,"column":11}},"40":{"start":{"line":75,"column":23},"end":{"line":94,"column":2}},"41":{"start":{"line":75,"column":61},"end":{"line":94,"column":2}},"42":{"start":{"line":76,"column":2},"end":{"line":93,"column":null}},"43":{"start":{"line":77,"column":25},"end":{"line":77,"column":35}},"44":{"start":{"line":78,"column":37},"end":{"line":78,"column":45}},"45":{"start":{"line":80,"column":40},"end":{"line":82,"column":6}},"46":{"start":{"line":84,"column":4},"end":{"line":86,"column":null}},"47":{"start":{"line":85,"column":6},"end":{"line":85,"column":69}},"48":{"start":{"line":88,"column":4},"end":{"line":88,"column":65}},"49":{"start":{"line":89,"column":4},"end":{"line":89,"column":72}},"50":{"start":{"line":91,"column":4},"end":{"line":91,"column":57}},"51":{"start":{"line":92,"column":4},"end":{"line":92,"column":66}},"52":{"start":{"line":120,"column":2},"end":{"line":120,"column":16}},"53":{"start":{"line":96,"column":23},"end":{"line":114,"column":2}},"54":{"start":{"line":96,"column":61},"end":{"line":114,"column":2}},"55":{"start":{"line":97,"column":2},"end":{"line":113,"column":null}},"56":{"start":{"line":98,"column":25},"end":{"line":98,"column":35}},"57":{"start":{"line":100,"column":40},"end":{"line":102,"column":6}},"58":{"start":{"line":104,"column":4},"end":{"line":106,"column":null}},"59":{"start":{"line":105,"column":6},"end":{"line":105,"column":69}},"60":{"start":{"line":108,"column":4},"end":{"line":108,"column":65}},"61":{"start":{"line":109,"column":4},"end":{"line":109,"column":72}},"62":{"start":{"line":111,"column":4},"end":{"line":111,"column":57}},"63":{"start":{"line":112,"column":4},"end":{"line":112,"column":66}},"64":{"start":{"line":121,"column":2},"end":{"line":121,"column":16}}},"fnMap":{"0":{"name":"(anonymous_7)","decl":{"start":{"line":5,"column":20},"end":{"line":5,"column":27}},"loc":{"start":{"line":5,"column":58},"end":{"line":23,"column":2}}},"1":{"name":"(anonymous_8)","decl":{"start":{"line":5,"column":58},"end":{"line":5,"column":null}},"loc":{"start":{"line":5,"column":58},"end":{"line":23,"column":1}}},"2":{"name":"(anonymous_9)","decl":{"start":{"line":25,"column":24},"end":{"line":25,"column":31}},"loc":{"start":{"line":25,"column":62},"end":{"line":42,"column":2}}},"3":{"name":"(anonymous_10)","decl":{"start":{"line":25,"column":62},"end":{"line":25,"column":null}},"loc":{"start":{"line":25,"column":62},"end":{"line":42,"column":1}}},"4":{"name":"(anonymous_11)","decl":{"start":{"line":43,"column":18},"end":{"line":43,"column":25}},"loc":{"start":{"line":43,"column":56},"end":{"line":72,"column":2}}},"5":{"name":"(anonymous_12)","decl":{"start":{"line":43,"column":56},"end":{"line":43,"column":null}},"loc":{"start":{"line":43,"column":56},"end":{"line":72,"column":1}}},"6":{"name":"(anonymous_13)","decl":{"start":{"line":47,"column":41},"end":{"line":47,"column":50}},"loc":{"start":{"line":47,"column":52},"end":{"line":62,"column":6}}},"7":{"name":"(anonymous_14)","decl":{"start":{"line":47,"column":52},"end":{"line":47,"column":null}},"loc":{"start":{"line":47,"column":52},"end":{"line":62,"column":5}}},"8":{"name":"(anonymous_15)","decl":{"start":{"line":75,"column":23},"end":{"line":75,"column":30}},"loc":{"start":{"line":75,"column":61},"end":{"line":94,"column":2}}},"9":{"name":"(anonymous_16)","decl":{"start":{"line":75,"column":61},"end":{"line":75,"column":null}},"loc":{"start":{"line":75,"column":61},"end":{"line":94,"column":1}}},"10":{"name":"(anonymous_17)","decl":{"start":{"line":96,"column":23},"end":{"line":96,"column":30}},"loc":{"start":{"line":96,"column":61},"end":{"line":114,"column":2}}},"11":{"name":"(anonymous_18)","decl":{"start":{"line":96,"column":61},"end":{"line":96,"column":null}},"loc":{"start":{"line":96,"column":61},"end":{"line":114,"column":1}}}},"branchMap":{"0":{"loc":{"start":{"line":7,"column":12},"end":{"line":7,"column":24}},"type":"default-arg","locations":[{"start":{"line":7,"column":21},"end":{"line":7,"column":24}}]},"1":{"loc":{"start":{"line":7,"column":26},"end":{"line":7,"column":35}},"type":"default-arg","locations":[{"start":{"line":7,"column":34},"end":{"line":7,"column":35}}]},"2":{"loc":{"start":{"line":33,"column":4},"end":{"line":35,"column":null}},"type":"if","locations":[{"start":{"line":33,"column":4},"end":{"line":35,"column":null}}]},"3":{"loc":{"start":{"line":56,"column":8},"end":{"line":58,"column":null}},"type":"if","locations":[{"start":{"line":56,"column":8},"end":{"line":58,"column":null}}]},"4":{"loc":{"start":{"line":84,"column":4},"end":{"line":86,"column":null}},"type":"if","locations":[{"start":{"line":84,"column":4},"end":{"line":86,"column":null}}]},"5":{"loc":{"start":{"line":104,"column":4},"end":{"line":106,"column":null}},"type":"if","locations":[{"start":{"line":104,"column":4},"end":{"line":106,"column":null}}]}},"s":{"0":1,"1":1,"2":0,"3":0,"4":0,"5":0,"6":0,"7":0,"8":0,"9":0,"10":1,"11":1,"12":0,"13":0,"14":0,"15":0,"16":0,"17":0,"18":0,"19":0,"20":0,"21":1,"22":1,"23":0,"24":0,"25":0,"26":0,"27":0,"28":0,"29":0,"30":0,"31":0,"32":0,"33":0,"34":0,"35":0,"36":0,"37":0,"38":0,"39":1,"40":1,"41":0,"42":0,"43":0,"44":0,"45":0,"46":0,"47":0,"48":0,"49":0,"50":0,"51":0,"52":1,"53":1,"54":0,"55":0,"56":0,"57":0,"58":0,"59":0,"60":0,"61":0,"62":0,"63":0,"64":1},"f":{"0":0,"1":0,"2":0,"3":0,"4":0,"5":0,"6":0,"7":0,"8":0,"9":0,"10":0,"11":0},"b":{"0":[0],"1":[0],"2":[0],"3":[0],"4":[0],"5":[0]}}
,"C:\\Users\\Paul\\OneDrive\\Documents\\GitHub\\PROY-INTEGRACION-1\\backendmankar\\Controllers\\TiposMantenimientos.ts": {"path":"C:\\Users\\Paul\\OneDrive\\Documents\\GitHub\\PROY-INTEGRACION-1\\backendmankar\\Controllers\\TiposMantenimientos.ts","statementMap":{"0":{"start":{"line":3,"column":0},"end":{"line":3,"column":46}},"1":{"start":{"line":5,"column":33},"end":{"line":23,"column":2}},"2":{"start":{"line":5,"column":71},"end":{"line":23,"column":2}},"3":{"start":{"line":6,"column":2},"end":{"line":22,"column":null}},"4":{"start":{"line":7,"column":40},"end":{"line":7,"column":49}},"5":{"start":{"line":8,"column":18},"end":{"line":8,"column":34}},"6":{"start":{"line":10,"column":60},"end":{"line":13,"column":6}},"7":{"start":{"line":15,"column":4},"end":{"line":18,"column":7}},"8":{"start":{"line":20,"column":4},"end":{"line":20,"column":68}},"9":{"start":{"line":21,"column":4},"end":{"line":21,"column":66}},"10":{"start":{"line":140,"column":2},"end":{"line":140,"column":26}},"11":{"start":{"line":25,"column":37},"end":{"line":42,"column":2}},"12":{"start":{"line":25,"column":75},"end":{"line":42,"column":2}},"13":{"start":{"line":26,"column":2},"end":{"line":41,"column":null}},"14":{"start":{"line":27,"column":30},"end":{"line":27,"column":40}},"15":{"start":{"line":28,"column":68},"end":{"line":31,"column":6}},"16":{"start":{"line":33,"column":4},"end":{"line":35,"column":null}},"17":{"start":{"line":34,"column":6},"end":{"line":34,"column":86}},"18":{"start":{"line":37,"column":4},"end":{"line":37,"column":42}},"19":{"start":{"line":39,"column":4},"end":{"line":39,"column":77}},"20":{"start":{"line":40,"column":4},"end":{"line":40,"column":66}},"21":{"start":{"line":141,"column":2},"end":{"line":141,"column":30}},"22":{"start":{"line":44,"column":31},"end":{"line":75,"column":2}},"23":{"start":{"line":44,"column":69},"end":{"line":75,"column":2}},"24":{"start":{"line":45,"column":2},"end":{"line":74,"column":null}},"25":{"start":{"line":47,"column":56},"end":{"line":47,"column":64}},"26":{"start":{"line":50,"column":46},"end":{"line":64,"column":6}},"27":{"start":{"line":50,"column":57},"end":{"line":64,"column":6}},"28":{"start":{"line":51,"column":31},"end":{"line":51,"column":67}},"29":{"start":{"line":54,"column":6},"end":{"line":61,"column":43}},"30":{"start":{"line":55,"column":8},"end":{"line":57,"column":11}},"31":{"start":{"line":58,"column":8},"end":{"line":60,"column":null}},"32":{"start":{"line":59,"column":10},"end":{"line":59,"column":31}},"33":{"start":{"line":63,"column":6},"end":{"line":63,"column":32}},"34":{"start":{"line":65,"column":4},"end":{"line":65,"column":85}},"35":{"start":{"line":66,"column":57},"end":{"line":67,"column":null}},"36":{"start":{"line":70,"column":4},"end":{"line":70,"column":50}},"37":{"start":{"line":72,"column":4},"end":{"line":72,"column":69}},"38":{"start":{"line":73,"column":4},"end":{"line":73,"column":66}},"39":{"start":{"line":142,"column":2},"end":{"line":142,"column":24}},"40":{"start":{"line":78,"column":36},"end":{"line":97,"column":2}},"41":{"start":{"line":78,"column":74},"end":{"line":97,"column":2}},"42":{"start":{"line":79,"column":2},"end":{"line":96,"column":null}},"43":{"start":{"line":80,"column":30},"end":{"line":80,"column":40}},"44":{"start":{"line":81,"column":51},"end":{"line":81,"column":59}},"45":{"start":{"line":83,"column":67},"end":{"line":85,"column":6}},"46":{"start":{"line":87,"column":4},"end":{"line":89,"column":null}},"47":{"start":{"line":88,"column":6},"end":{"line":88,"column":86}},"48":{"start":{"line":91,"column":4},"end":{"line":91,"column":83}},"49":{"start":{"line":92,"column":4},"end":{"line":92,"column":89}},"50":{"start":{"line":94,"column":4},"end":{"line":94,"column":74}},"51":{"start":{"line":95,"column":4},"end":{"line":95,"column":66}},"52":{"start":{"line":143,"column":2},"end":{"line":143,"column":29}},"53":{"start":{"line":99,"column":36},"end":{"line":117,"column":2}},"54":{"start":{"line":99,"column":74},"end":{"line":117,"column":2}},"55":{"start":{"line":100,"column":2},"end":{"line":116,"column":null}},"56":{"start":{"line":101,"column":30},"end":{"line":101,"column":40}},"57":{"start":{"line":103,"column":67},"end":{"line":105,"column":6}},"58":{"start":{"line":107,"column":4},"end":{"line":109,"column":null}},"59":{"start":{"line":108,"column":6},"end":{"line":108,"column":86}},"60":{"start":{"line":111,"column":4},"end":{"line":111,"column":83}},"61":{"start":{"line":112,"column":4},"end":{"line":112,"column":89}},"62":{"start":{"line":114,"column":4},"end":{"line":114,"column":74}},"63":{"start":{"line":115,"column":4},"end":{"line":115,"column":66}},"64":{"start":{"line":144,"column":2},"end":{"line":144,"column":29}},"65":{"start":{"line":119,"column":46},"end":{"line":137,"column":2}},"66":{"start":{"line":119,"column":84},"end":{"line":137,"column":2}},"67":{"start":{"line":120,"column":2},"end":{"line":136,"column":null}},"68":{"start":{"line":121,"column":38},"end":{"line":121,"column":48}},"69":{"start":{"line":123,"column":65},"end":{"line":126,"column":6}},"70":{"start":{"line":128,"column":4},"end":{"line":130,"column":null}},"71":{"start":{"line":129,"column":6},"end":{"line":129,"column":88}},"72":{"start":{"line":132,"column":4},"end":{"line":132,"column":44}},"73":{"start":{"line":134,"column":4},"end":{"line":134,"column":84}},"74":{"start":{"line":135,"column":4},"end":{"line":135,"column":66}},"75":{"start":{"line":145,"column":2},"end":{"line":145,"column":39}}},"fnMap":{"0":{"name":"(anonymous_7)","decl":{"start":{"line":5,"column":33},"end":{"line":5,"column":40}},"loc":{"start":{"line":5,"column":71},"end":{"line":23,"column":2}}},"1":{"name":"(anonymous_8)","decl":{"start":{"line":5,"column":71},"end":{"line":5,"column":null}},"loc":{"start":{"line":5,"column":71},"end":{"line":23,"column":1}}},"2":{"name":"(anonymous_9)","decl":{"start":{"line":25,"column":37},"end":{"line":25,"column":44}},"loc":{"start":{"line":25,"column":75},"end":{"line":42,"column":2}}},"3":{"name":"(anonymous_10)","decl":{"start":{"line":25,"column":75},"end":{"line":25,"column":null}},"loc":{"start":{"line":25,"column":75},"end":{"line":42,"column":1}}},"4":{"name":"(anonymous_11)","decl":{"start":{"line":44,"column":31},"end":{"line":44,"column":38}},"loc":{"start":{"line":44,"column":69},"end":{"line":75,"column":2}}},"5":{"name":"(anonymous_12)","decl":{"start":{"line":44,"column":69},"end":{"line":44,"column":null}},"loc":{"start":{"line":44,"column":69},"end":{"line":75,"column":1}}},"6":{"name":"(anonymous_13)","decl":{"start":{"line":50,"column":46},"end":{"line":50,"column":55}},"loc":{"start":{"line":50,"column":57},"end":{"line":64,"column":6}}},"7":{"name":"(anonymous_14)","decl":{"start":{"line":50,"column":57},"end":{"line":50,"column":null}},"loc":{"start":{"line":50,"column":57},"end":{"line":64,"column":5}}},"8":{"name":"(anonymous_15)","decl":{"start":{"line":78,"column":36},"end":{"line":78,"column":43}},"loc":{"start":{"line":78,"column":74},"end":{"line":97,"column":2}}},"9":{"name":"(anonymous_16)","decl":{"start":{"line":78,"column":74},"end":{"line":78,"column":null}},"loc":{"start":{"line":78,"column":74},"end":{"line":97,"column":1}}},"10":{"name":"(anonymous_17)","decl":{"start":{"line":99,"column":36},"end":{"line":99,"column":43}},"loc":{"start":{"line":99,"column":74},"end":{"line":117,"column":2}}},"11":{"name":"(anonymous_18)","decl":{"start":{"line":99,"column":74},"end":{"line":99,"column":null}},"loc":{"start":{"line":99,"column":74},"end":{"line":117,"column":1}}},"12":{"name":"(anonymous_19)","decl":{"start":{"line":119,"column":46},"end":{"line":119,"column":53}},"loc":{"start":{"line":119,"column":84},"end":{"line":137,"column":2}}},"13":{"name":"(anonymous_20)","decl":{"start":{"line":119,"column":84},"end":{"line":119,"column":null}},"loc":{"start":{"line":119,"column":84},"end":{"line":137,"column":1}}}},"branchMap":{"0":{"loc":{"start":{"line":7,"column":12},"end":{"line":7,"column":24}},"type":"default-arg","locations":[{"start":{"line":7,"column":21},"end":{"line":7,"column":24}}]},"1":{"loc":{"start":{"line":7,"column":26},"end":{"line":7,"column":35}},"type":"default-arg","locations":[{"start":{"line":7,"column":34},"end":{"line":7,"column":35}}]},"2":{"loc":{"start":{"line":33,"column":4},"end":{"line":35,"column":null}},"type":"if","locations":[{"start":{"line":33,"column":4},"end":{"line":35,"column":null}}]},"3":{"loc":{"start":{"line":58,"column":8},"end":{"line":60,"column":null}},"type":"if","locations":[{"start":{"line":58,"column":8},"end":{"line":60,"column":null}}]},"4":{"loc":{"start":{"line":87,"column":4},"end":{"line":89,"column":null}},"type":"if","locations":[{"start":{"line":87,"column":4},"end":{"line":89,"column":null}}]},"5":{"loc":{"start":{"line":107,"column":4},"end":{"line":109,"column":null}},"type":"if","locations":[{"start":{"line":107,"column":4},"end":{"line":109,"column":null}}]},"6":{"loc":{"start":{"line":128,"column":4},"end":{"line":130,"column":null}},"type":"if","locations":[{"start":{"line":128,"column":4},"end":{"line":130,"column":null}}]}},"s":{"0":1,"1":1,"2":0,"3":0,"4":0,"5":0,"6":0,"7":0,"8":0,"9":0,"10":1,"11":1,"12":0,"13":0,"14":0,"15":0,"16":0,"17":0,"18":0,"19":0,"20":0,"21":1,"22":1,"23":0,"24":0,"25":0,"26":0,"27":0,"28":0,"29":0,"30":0,"31":0,"32":0,"33":0,"34":0,"35":0,"36":0,"37":0,"38":0,"39":1,"40":1,"41":0,"42":0,"43":0,"44":0,"45":0,"46":0,"47":0,"48":0,"49":0,"50":0,"51":0,"52":1,"53":1,"54":0,"55":0,"56":0,"57":0,"58":0,"59":0,"60":0,"61":0,"62":0,"63":0,"64":1,"65":1,"66":0,"67":0,"68":0,"69":0,"70":0,"71":0,"72":0,"73":0,"74":0,"75":1},"f":{"0":0,"1":0,"2":0,"3":0,"4":0,"5":0,"6":0,"7":0,"8":0,"9":0,"10":0,"11":0,"12":0,"13":0},"b":{"0":[0],"1":[0],"2":[0],"3":[0],"4":[0],"5":[0],"6":[0]}}
,"C:\\Users\\Paul\\OneDrive\\Documents\\GitHub\\PROY-INTEGRACION-1\\backendmankar\\Controllers\\Unidades.ts": {"path":"C:\\Users\\Paul\\OneDrive\\Documents\\GitHub\\PROY-INTEGRACION-1\\backendmankar\\Controllers\\Unidades.ts","statementMap":{"0":{"start":{"line":3,"column":0},"end":{"line":3,"column":35}},"1":{"start":{"line":6,"column":23},"end":{"line":26,"column":2}},"2":{"start":{"line":6,"column":61},"end":{"line":26,"column":2}},"3":{"start":{"line":7,"column":2},"end":{"line":25,"column":null}},"4":{"start":{"line":8,"column":18},"end":{"line":8,"column":34}},"5":{"start":{"line":11,"column":49},"end":{"line":14,"column":6}},"6":{"start":{"line":17,"column":4},"end":{"line":20,"column":7}},"7":{"start":{"line":23,"column":4},"end":{"line":23,"column":54}},"8":{"start":{"line":24,"column":4},"end":{"line":24,"column":66}},"9":{"start":{"line":131,"column":2},"end":{"line":131,"column":16}},"10":{"start":{"line":29,"column":29},"end":{"line":51,"column":2}},"11":{"start":{"line":29,"column":67},"end":{"line":51,"column":2}},"12":{"start":{"line":30,"column":2},"end":{"line":50,"column":null}},"13":{"start":{"line":31,"column":31},"end":{"line":31,"column":41}},"14":{"start":{"line":34,"column":46},"end":{"line":37,"column":6}},"15":{"start":{"line":39,"column":4},"end":{"line":42,"column":null}},"16":{"start":{"line":41,"column":6},"end":{"line":41,"column":71}},"17":{"start":{"line":45,"column":4},"end":{"line":45,"column":31}},"18":{"start":{"line":48,"column":4},"end":{"line":48,"column":65}},"19":{"start":{"line":49,"column":4},"end":{"line":49,"column":66}},"20":{"start":{"line":132,"column":2},"end":{"line":132,"column":22}},"21":{"start":{"line":54,"column":20},"end":{"line":79,"column":2}},"22":{"start":{"line":54,"column":58},"end":{"line":79,"column":2}},"23":{"start":{"line":55,"column":2},"end":{"line":78,"column":null}},"24":{"start":{"line":57,"column":34},"end":{"line":57,"column":42}},"25":{"start":{"line":60,"column":45},"end":{"line":62,"column":6}},"26":{"start":{"line":64,"column":4},"end":{"line":67,"column":null}},"27":{"start":{"line":66,"column":6},"end":{"line":66,"column":68}},"28":{"start":{"line":70,"column":35},"end":{"line":70,"column":67}},"29":{"start":{"line":73,"column":4},"end":{"line":73,"column":39}},"30":{"start":{"line":76,"column":4},"end":{"line":76,"column":55}},"31":{"start":{"line":77,"column":4},"end":{"line":77,"column":66}},"32":{"start":{"line":133,"column":2},"end":{"line":133,"column":13}},"33":{"start":{"line":82,"column":25},"end":{"line":102,"column":2}},"34":{"start":{"line":82,"column":63},"end":{"line":102,"column":2}},"35":{"start":{"line":83,"column":2},"end":{"line":101,"column":null}},"36":{"start":{"line":84,"column":31},"end":{"line":84,"column":41}},"37":{"start":{"line":85,"column":40},"end":{"line":85,"column":48}},"38":{"start":{"line":87,"column":45},"end":{"line":89,"column":6}},"39":{"start":{"line":91,"column":4},"end":{"line":93,"column":null}},"40":{"start":{"line":92,"column":6},"end":{"line":92,"column":71}},"41":{"start":{"line":95,"column":4},"end":{"line":95,"column":73}},"42":{"start":{"line":97,"column":4},"end":{"line":97,"column":74}},"43":{"start":{"line":99,"column":4},"end":{"line":99,"column":59}},"44":{"start":{"line":100,"column":4},"end":{"line":100,"column":66}},"45":{"start":{"line":134,"column":2},"end":{"line":134,"column":18}},"46":{"start":{"line":106,"column":25},"end":{"line":128,"column":2}},"47":{"start":{"line":106,"column":63},"end":{"line":128,"column":2}},"48":{"start":{"line":107,"column":2},"end":{"line":127,"column":null}},"49":{"start":{"line":108,"column":31},"end":{"line":108,"column":41}},"50":{"start":{"line":111,"column":28},"end":{"line":111,"column":68}},"51":{"start":{"line":113,"column":4},"end":{"line":116,"column":null}},"52":{"start":{"line":115,"column":6},"end":{"line":115,"column":71}},"53":{"start":{"line":119,"column":4},"end":{"line":119,"column":73}},"54":{"start":{"line":122,"column":4},"end":{"line":122,"column":74}},"55":{"start":{"line":125,"column":4},"end":{"line":125,"column":59}},"56":{"start":{"line":126,"column":4},"end":{"line":126,"column":66}},"57":{"start":{"line":135,"column":2},"end":{"line":135,"column":18}}},"fnMap":{"0":{"name":"(anonymous_7)","decl":{"start":{"line":6,"column":23},"end":{"line":6,"column":30}},"loc":{"start":{"line":6,"column":61},"end":{"line":26,"column":2}}},"1":{"name":"(anonymous_8)","decl":{"start":{"line":6,"column":61},"end":{"line":6,"column":null}},"loc":{"start":{"line":6,"column":61},"end":{"line":26,"column":1}}},"2":{"name":"(anonymous_9)","decl":{"start":{"line":29,"column":29},"end":{"line":29,"column":36}},"loc":{"start":{"line":29,"column":67},"end":{"line":51,"column":2}}},"3":{"name":"(anonymous_10)","decl":{"start":{"line":29,"column":67},"end":{"line":29,"column":null}},"loc":{"start":{"line":29,"column":67},"end":{"line":51,"column":1}}},"4":{"name":"(anonymous_11)","decl":{"start":{"line":54,"column":20},"end":{"line":54,"column":27}},"loc":{"start":{"line":54,"column":58},"end":{"line":79,"column":2}}},"5":{"name":"(anonymous_12)","decl":{"start":{"line":54,"column":58},"end":{"line":54,"column":null}},"loc":{"start":{"line":54,"column":58},"end":{"line":79,"column":1}}},"6":{"name":"(anonymous_13)","decl":{"start":{"line":82,"column":25},"end":{"line":82,"column":32}},"loc":{"start":{"line":82,"column":63},"end":{"line":102,"column":2}}},"7":{"name":"(anonymous_14)","decl":{"start":{"line":82,"column":63},"end":{"line":82,"column":null}},"loc":{"start":{"line":82,"column":63},"end":{"line":102,"column":1}}},"8":{"name":"(anonymous_15)","decl":{"start":{"line":106,"column":25},"end":{"line":106,"column":32}},"loc":{"start":{"line":106,"column":63},"end":{"line":128,"column":2}}},"9":{"name":"(anonymous_16)","decl":{"start":{"line":106,"column":63},"end":{"line":106,"column":null}},"loc":{"start":{"line":106,"column":63},"end":{"line":128,"column":1}}}},"branchMap":{"0":{"loc":{"start":{"line":39,"column":4},"end":{"line":42,"column":null}},"type":"if","locations":[{"start":{"line":39,"column":4},"end":{"line":42,"column":null}}]},"1":{"loc":{"start":{"line":64,"column":4},"end":{"line":67,"column":null}},"type":"if","locations":[{"start":{"line":64,"column":4},"end":{"line":67,"column":null}}]},"2":{"loc":{"start":{"line":91,"column":4},"end":{"line":93,"column":null}},"type":"if","locations":[{"start":{"line":91,"column":4},"end":{"line":93,"column":null}}]},"3":{"loc":{"start":{"line":113,"column":4},"end":{"line":116,"column":null}},"type":"if","locations":[{"start":{"line":113,"column":4},"end":{"line":116,"column":null}}]}},"s":{"0":1,"1":1,"2":0,"3":0,"4":0,"5":0,"6":0,"7":0,"8":0,"9":1,"10":1,"11":0,"12":0,"13":0,"14":0,"15":0,"16":0,"17":0,"18":0,"19":0,"20":1,"21":1,"22":0,"23":0,"24":0,"25":0,"26":0,"27":0,"28":0,"29":0,"30":0,"31":0,"32":1,"33":1,"34":0,"35":0,"36":0,"37":0,"38":0,"39":0,"40":0,"41":0,"42":0,"43":0,"44":0,"45":1,"46":1,"47":0,"48":0,"49":0,"50":0,"51":0,"52":0,"53":0,"54":0,"55":0,"56":0,"57":1},"f":{"0":0,"1":0,"2":0,"3":0,"4":0,"5":0,"6":0,"7":0,"8":0,"9":0},"b":{"0":[0],"1":[0],"2":[0],"3":[0]}}
,"C:\\Users\\Paul\\OneDrive\\Documents\\GitHub\\PROY-INTEGRACION-1\\backendmankar\\Controllers\\Usuarios.ts": {"path":"C:\\Users\\Paul\\OneDrive\\Documents\\GitHub\\PROY-INTEGRACION-1\\backendmankar\\Controllers\\Usuarios.ts","statementMap":{"0":{"start":{"line":4,"column":0},"end":{"line":4,"column":36}},"1":{"start":{"line":6,"column":23},"end":{"line":27,"column":2}},"2":{"start":{"line":6,"column":61},"end":{"line":27,"column":2}},"3":{"start":{"line":7,"column":2},"end":{"line":26,"column":null}},"4":{"start":{"line":9,"column":18},"end":{"line":9,"column":34}},"5":{"start":{"line":12,"column":49},"end":{"line":15,"column":6}},"6":{"start":{"line":18,"column":4},"end":{"line":21,"column":7}},"7":{"start":{"line":24,"column":4},"end":{"line":24,"column":54}},"8":{"start":{"line":25,"column":4},"end":{"line":25,"column":66}},"9":{"start":{"line":149,"column":2},"end":{"line":149,"column":16}},"10":{"start":{"line":29,"column":28},"end":{"line":51,"column":2}},"11":{"start":{"line":29,"column":66},"end":{"line":51,"column":2}},"12":{"start":{"line":30,"column":2},"end":{"line":50,"column":null}},"13":{"start":{"line":31,"column":28},"end":{"line":31,"column":38}},"14":{"start":{"line":34,"column":47},"end":{"line":37,"column":6}},"15":{"start":{"line":39,"column":4},"end":{"line":42,"column":null}},"16":{"start":{"line":41,"column":6},"end":{"line":41,"column":72}},"17":{"start":{"line":45,"column":4},"end":{"line":45,"column":32}},"18":{"start":{"line":48,"column":4},"end":{"line":48,"column":64}},"19":{"start":{"line":49,"column":4},"end":{"line":49,"column":66}},"20":{"start":{"line":150,"column":2},"end":{"line":150,"column":21}},"21":{"start":{"line":52,"column":21},"end":{"line":95,"column":2}},"22":{"start":{"line":52,"column":59},"end":{"line":95,"column":2}},"23":{"start":{"line":53,"column":2},"end":{"line":94,"column":null}},"24":{"start":{"line":55,"column":35},"end":{"line":55,"column":43}},"25":{"start":{"line":58,"column":4},"end":{"line":58,"column":58}},"26":{"start":{"line":61,"column":46},"end":{"line":63,"column":6}},"27":{"start":{"line":65,"column":4},"end":{"line":69,"column":null}},"28":{"start":{"line":67,"column":6},"end":{"line":67,"column":58}},"29":{"start":{"line":68,"column":6},"end":{"line":68,"column":69}},"30":{"start":{"line":71,"column":44},"end":{"line":73,"column":6}},"31":{"start":{"line":75,"column":4},"end":{"line":79,"column":null}},"32":{"start":{"line":77,"column":6},"end":{"line":77,"column":54}},"33":{"start":{"line":78,"column":6},"end":{"line":78,"column":67}},"34":{"start":{"line":83,"column":36},"end":{"line":83,"column":70}},"35":{"start":{"line":86,"column":4},"end":{"line":86,"column":50}},"36":{"start":{"line":89,"column":4},"end":{"line":89,"column":40}},"37":{"start":{"line":92,"column":4},"end":{"line":92,"column":55}},"38":{"start":{"line":93,"column":4},"end":{"line":93,"column":66}},"39":{"start":{"line":151,"column":2},"end":{"line":151,"column":14}},"40":{"start":{"line":97,"column":26},"end":{"line":122,"column":2}},"41":{"start":{"line":97,"column":64},"end":{"line":122,"column":2}},"42":{"start":{"line":98,"column":2},"end":{"line":121,"column":null}},"43":{"start":{"line":99,"column":28},"end":{"line":99,"column":38}},"44":{"start":{"line":100,"column":40},"end":{"line":100,"column":48}},"45":{"start":{"line":103,"column":46},"end":{"line":105,"column":6}},"46":{"start":{"line":107,"column":4},"end":{"line":110,"column":null}},"47":{"start":{"line":109,"column":6},"end":{"line":109,"column":72}},"48":{"start":{"line":113,"column":4},"end":{"line":113,"column":71}},"49":{"start":{"line":116,"column":4},"end":{"line":116,"column":75}},"50":{"start":{"line":119,"column":4},"end":{"line":119,"column":60}},"51":{"start":{"line":120,"column":4},"end":{"line":120,"column":66}},"52":{"start":{"line":152,"column":2},"end":{"line":152,"column":19}},"53":{"start":{"line":124,"column":26},"end":{"line":146,"column":2}},"54":{"start":{"line":124,"column":64},"end":{"line":146,"column":2}},"55":{"start":{"line":125,"column":2},"end":{"line":145,"column":null}},"56":{"start":{"line":126,"column":28},"end":{"line":126,"column":38}},"57":{"start":{"line":129,"column":29},"end":{"line":129,"column":67}},"58":{"start":{"line":131,"column":4},"end":{"line":134,"column":null}},"59":{"start":{"line":133,"column":6},"end":{"line":133,"column":72}},"60":{"start":{"line":137,"column":4},"end":{"line":137,"column":71}},"61":{"start":{"line":140,"column":4},"end":{"line":140,"column":75}},"62":{"start":{"line":143,"column":4},"end":{"line":143,"column":60}},"63":{"start":{"line":144,"column":4},"end":{"line":144,"column":66}},"64":{"start":{"line":153,"column":2},"end":{"line":153,"column":19}}},"fnMap":{"0":{"name":"(anonymous_7)","decl":{"start":{"line":6,"column":23},"end":{"line":6,"column":30}},"loc":{"start":{"line":6,"column":61},"end":{"line":27,"column":2}}},"1":{"name":"(anonymous_8)","decl":{"start":{"line":6,"column":61},"end":{"line":6,"column":null}},"loc":{"start":{"line":6,"column":61},"end":{"line":27,"column":1}}},"2":{"name":"(anonymous_9)","decl":{"start":{"line":29,"column":28},"end":{"line":29,"column":35}},"loc":{"start":{"line":29,"column":66},"end":{"line":51,"column":2}}},"3":{"name":"(anonymous_10)","decl":{"start":{"line":29,"column":66},"end":{"line":29,"column":null}},"loc":{"start":{"line":29,"column":66},"end":{"line":51,"column":1}}},"4":{"name":"(anonymous_11)","decl":{"start":{"line":52,"column":21},"end":{"line":52,"column":28}},"loc":{"start":{"line":52,"column":59},"end":{"line":95,"column":2}}},"5":{"name":"(anonymous_12)","decl":{"start":{"line":52,"column":59},"end":{"line":52,"column":null}},"loc":{"start":{"line":52,"column":59},"end":{"line":95,"column":1}}},"6":{"name":"(anonymous_13)","decl":{"start":{"line":97,"column":26},"end":{"line":97,"column":33}},"loc":{"start":{"line":97,"column":64},"end":{"line":122,"column":2}}},"7":{"name":"(anonymous_14)","decl":{"start":{"line":97,"column":64},"end":{"line":97,"column":null}},"loc":{"start":{"line":97,"column":64},"end":{"line":122,"column":1}}},"8":{"name":"(anonymous_15)","decl":{"start":{"line":124,"column":26},"end":{"line":124,"column":33}},"loc":{"start":{"line":124,"column":64},"end":{"line":146,"column":2}}},"9":{"name":"(anonymous_16)","decl":{"start":{"line":124,"column":64},"end":{"line":124,"column":null}},"loc":{"start":{"line":124,"column":64},"end":{"line":146,"column":1}}}},"branchMap":{"0":{"loc":{"start":{"line":39,"column":4},"end":{"line":42,"column":null}},"type":"if","locations":[{"start":{"line":39,"column":4},"end":{"line":42,"column":null}}]},"1":{"loc":{"start":{"line":65,"column":4},"end":{"line":69,"column":null}},"type":"if","locations":[{"start":{"line":65,"column":4},"end":{"line":69,"column":null}}]},"2":{"loc":{"start":{"line":75,"column":4},"end":{"line":79,"column":null}},"type":"if","locations":[{"start":{"line":75,"column":4},"end":{"line":79,"column":null}}]},"3":{"loc":{"start":{"line":107,"column":4},"end":{"line":110,"column":null}},"type":"if","locations":[{"start":{"line":107,"column":4},"end":{"line":110,"column":null}}]},"4":{"loc":{"start":{"line":131,"column":4},"end":{"line":134,"column":null}},"type":"if","locations":[{"start":{"line":131,"column":4},"end":{"line":134,"column":null}}]}},"s":{"0":1,"1":1,"2":1,"3":1,"4":1,"5":1,"6":1,"7":0,"8":0,"9":1,"10":1,"11":0,"12":0,"13":0,"14":0,"15":0,"16":0,"17":0,"18":0,"19":0,"20":1,"21":1,"22":0,"23":0,"24":0,"25":0,"26":0,"27":0,"28":0,"29":0,"30":0,"31":0,"32":0,"33":0,"34":0,"35":0,"36":0,"37":0,"38":0,"39":1,"40":1,"41":0,"42":0,"43":0,"44":0,"45":0,"46":0,"47":0,"48":0,"49":0,"50":0,"51":0,"52":1,"53":1,"54":0,"55":0,"56":0,"57":0,"58":0,"59":0,"60":0,"61":0,"62":0,"63":0,"64":1},"f":{"0":1,"1":1,"2":0,"3":0,"4":0,"5":0,"6":0,"7":0,"8":0,"9":0},"b":{"0":[0],"1":[0],"2":[0],"3":[0],"4":[0]}}
,"C:\\Users\\Paul\\OneDrive\\Documents\\GitHub\\PROY-INTEGRACION-1\\backendmankar\\Database\\Config.ts": {"path":"C:\\Users\\Paul\\OneDrive\\Documents\\GitHub\\PROY-INTEGRACION-1\\backendmankar\\Database\\Config.ts","statementMap":{"0":{"start":{"line":1,"column":0},"end":{"line":1,"column":35}},"1":{"start":{"line":3,"column":20},"end":{"line":11,"column":2}},"2":{"start":{"line":3,"column":31},"end":{"line":11,"column":2}},"3":{"start":{"line":4,"column":2},"end":{"line":10,"column":null}},"4":{"start":{"line":5,"column":4},"end":{"line":5,"column":52}},"5":{"start":{"line":6,"column":4},"end":{"line":6,"column":46}},"6":{"start":{"line":8,"column":4},"end":{"line":8,"column":23}},"7":{"start":{"line":9,"column":4},"end":{"line":9,"column":62}},"8":{"start":{"line":12,"column":9},"end":{"line":12,"column":20}}},"fnMap":{"0":{"name":"(anonymous_7)","decl":{"start":{"line":3,"column":20},"end":{"line":3,"column":29}},"loc":{"start":{"line":3,"column":31},"end":{"line":11,"column":2}}},"1":{"name":"(anonymous_8)","decl":{"start":{"line":3,"column":31},"end":{"line":3,"column":null}},"loc":{"start":{"line":3,"column":31},"end":{"line":11,"column":1}}}},"branchMap":{"0":{"loc":{"start":{"line":5,"column":18},"end":{"line":5,"column":50}},"type":"binary-expr","locations":[{"start":{"line":5,"column":18},"end":{"line":5,"column":44}},{"start":{"line":5,"column":48},"end":{"line":5,"column":50}}]}},"s":{"0":1,"1":1,"2":1,"3":1,"4":1,"5":1,"6":0,"7":0,"8":1},"f":{"0":1,"1":1},"b":{"0":[1,0]}}
,"C:\\Users\\Paul\\OneDrive\\Documents\\GitHub\\PROY-INTEGRACION-1\\backendmankar\\Middlewares\\Index.ts": {"path":"C:\\Users\\Paul\\OneDrive\\Documents\\GitHub\\PROY-INTEGRACION-1\\backendmankar\\Middlewares\\Index.ts","statementMap":{"0":{"start":{"line":1,"column":0},"end":{"line":1,"column":44}},"1":{"start":{"line":3,"column":4},"end":{"line":3,"column":13}}},"fnMap":{},"branchMap":{},"s":{"0":1,"1":1},"f":{},"b":{}}
,"C:\\Users\\Paul\\OneDrive\\Documents\\GitHub\\PROY-INTEGRACION-1\\backendmankar\\Middlewares\\ValidarCampos.ts": {"path":"C:\\Users\\Paul\\OneDrive\\Documents\\GitHub\\PROY-INTEGRACION-1\\backendmankar\\Middlewares\\ValidarCampos.ts","statementMap":{"0":{"start":{"line":2,"column":0},"end":{"line":2,"column":51}},"1":{"start":{"line":4,"column":0},"end":{"line":4,"column":36}},"2":{"start":{"line":7,"column":32},"end":{"line":24,"column":null}},"3":{"start":{"line":7,"column":90},"end":{"line":24,"column":null}},"4":{"start":{"line":8,"column":4},"end":{"line":23,"column":null}},"5":{"start":{"line":9,"column":30},"end":{"line":9,"column":50}},"6":{"start":{"line":12,"column":31},"end":{"line":12,"column":69}},"7":{"start":{"line":14,"column":6},"end":{"line":16,"column":null}},"8":{"start":{"line":15,"column":8},"end":{"line":15,"column":71}},"9":{"start":{"line":19,"column":6},"end":{"line":19,"column":13}},"10":{"start":{"line":21,"column":6},"end":{"line":21,"column":66}},"11":{"start":{"line":22,"column":6},"end":{"line":22,"column":68}},"12":{"start":{"line":35,"column":22},"end":{"line":35,"column":45}},"13":{"start":{"line":26,"column":22},"end":{"line":32,"column":1}},"14":{"start":{"line":27,"column":19},"end":{"line":27,"column":40}},"15":{"start":{"line":28,"column":4},"end":{"line":30,"column":null}},"16":{"start":{"line":29,"column":8},"end":{"line":29,"column":null}},"17":{"start":{"line":31,"column":4},"end":{"line":31,"column":null}},"18":{"start":{"line":35,"column":7},"end":{"line":35,"column":20}}},"fnMap":{"0":{"name":"(anonymous_7)","decl":{"start":{"line":7,"column":32},"end":{"line":7,"column":39}},"loc":{"start":{"line":7,"column":90},"end":{"line":24,"column":null}}},"1":{"name":"(anonymous_8)","decl":{"start":{"line":7,"column":90},"end":{"line":7,"column":null}},"loc":{"start":{"line":7,"column":90},"end":{"line":24,"column":1}}},"2":{"name":"(anonymous_9)","decl":{"start":{"line":26,"column":22},"end":{"line":26,"column":23}},"loc":{"start":{"line":26,"column":73},"end":{"line":32,"column":1}}}},"branchMap":{"0":{"loc":{"start":{"line":14,"column":6},"end":{"line":16,"column":null}},"type":"if","locations":[{"start":{"line":14,"column":6},"end":{"line":16,"column":null}}]},"1":{"loc":{"start":{"line":28,"column":4},"end":{"line":30,"column":null}},"type":"if","locations":[{"start":{"line":28,"column":4},"end":{"line":30,"column":null}}]}},"s":{"0":1,"1":1,"2":1,"3":1,"4":1,"5":1,"6":1,"7":1,"8":1,"9":0,"10":0,"11":0,"12":1,"13":1,"14":1,"15":1,"16":0,"17":1,"18":1},"f":{"0":1,"1":1,"2":1},"b":{"0":[1],"1":[0]}}
,"C:\\Users\\Paul\\OneDrive\\Documents\\GitHub\\PROY-INTEGRACION-1\\backendmankar\\Routes\\Establecimientos.ts": {"path":"C:\\Users\\Paul\\OneDrive\\Documents\\GitHub\\PROY-INTEGRACION-1\\backendmankar\\Routes\\Establecimientos.ts","statementMap":{"0":{"start":{"line":1,"column":0},"end":{"line":1,"column":33}},"1":{"start":{"line":2,"column":0},"end":{"line":2,"column":42}},"2":{"start":{"line":3,"column":0},"end":{"line":3,"column":55}},"3":{"start":{"line":11,"column":4},"end":{"line":11,"column":19}},"4":{"start":{"line":13,"column":15},"end":{"line":13,"column":23}},"5":{"start":{"line":28,"column":9},"end":{"line":28,"column":15}},"6":{"start":{"line":15,"column":0},"end":{"line":15,"column":40}},"7":{"start":{"line":16,"column":0},"end":{"line":16,"column":63}},"8":{"start":{"line":17,"column":0},"end":{"line":24,"column":2}},"9":{"start":{"line":25,"column":0},"end":{"line":25,"column":62}},"10":{"start":{"line":26,"column":0},"end":{"line":26,"column":65}}},"fnMap":{},"branchMap":{},"s":{"0":1,"1":1,"2":1,"3":1,"4":1,"5":1,"6":1,"7":1,"8":1,"9":1,"10":1},"f":{},"b":{}}
,"C:\\Users\\Paul\\OneDrive\\Documents\\GitHub\\PROY-INTEGRACION-1\\backendmankar\\Routes\\Mantenimientos.ts": {"path":"C:\\Users\\Paul\\OneDrive\\Documents\\GitHub\\PROY-INTEGRACION-1\\backendmankar\\Routes\\Mantenimientos.ts","statementMap":{"0":{"start":{"line":1,"column":0},"end":{"line":1,"column":33}},"1":{"start":{"line":2,"column":0},"end":{"line":2,"column":42}},"2":{"start":{"line":3,"column":0},"end":{"line":3,"column":53}},"3":{"start":{"line":11,"column":4},"end":{"line":11,"column":17}},"4":{"start":{"line":13,"column":15},"end":{"line":13,"column":23}},"5":{"start":{"line":30,"column":9},"end":{"line":30,"column":15}},"6":{"start":{"line":15,"column":0},"end":{"line":15,"column":38}},"7":{"start":{"line":16,"column":0},"end":{"line":16,"column":59}},"8":{"start":{"line":17,"column":0},"end":{"line":26,"column":2}},"9":{"start":{"line":27,"column":0},"end":{"line":27,"column":58}},"10":{"start":{"line":28,"column":0},"end":{"line":28,"column":61}}},"fnMap":{},"branchMap":{},"s":{"0":1,"1":1,"2":1,"3":1,"4":1,"5":1,"6":1,"7":1,"8":1,"9":1,"10":1},"f":{},"b":{}}
,"C:\\Users\\Paul\\OneDrive\\Documents\\GitHub\\PROY-INTEGRACION-1\\backendmankar\\Routes\\Repostajes.ts": {"path":"C:\\Users\\Paul\\OneDrive\\Documents\\GitHub\\PROY-INTEGRACION-1\\backendmankar\\Routes\\Repostajes.ts","statementMap":{"0":{"start":{"line":1,"column":0},"end":{"line":1,"column":33}},"1":{"start":{"line":2,"column":0},"end":{"line":2,"column":42}},"2":{"start":{"line":3,"column":0},"end":{"line":3,"column":49}},"3":{"start":{"line":11,"column":4},"end":{"line":11,"column":13}},"4":{"start":{"line":13,"column":15},"end":{"line":13,"column":23}},"5":{"start":{"line":29,"column":9},"end":{"line":29,"column":15}},"6":{"start":{"line":15,"column":0},"end":{"line":15,"column":34}},"7":{"start":{"line":16,"column":0},"end":{"line":16,"column":42}},"8":{"start":{"line":17,"column":0},"end":{"line":25,"column":2}},"9":{"start":{"line":26,"column":0},"end":{"line":26,"column":41}},"10":{"start":{"line":27,"column":0},"end":{"line":27,"column":44}}},"fnMap":{},"branchMap":{},"s":{"0":1,"1":1,"2":1,"3":1,"4":1,"5":1,"6":1,"7":1,"8":1,"9":1,"10":1},"f":{},"b":{}}
,"C:\\Users\\Paul\\OneDrive\\Documents\\GitHub\\PROY-INTEGRACION-1\\backendmankar\\Routes\\Roles.ts": {"path":"C:\\Users\\Paul\\OneDrive\\Documents\\GitHub\\PROY-INTEGRACION-1\\backendmankar\\Routes\\Roles.ts","statementMap":{"0":{"start":{"line":1,"column":0},"end":{"line":1,"column":33}},"1":{"start":{"line":2,"column":0},"end":{"line":2,"column":42}},"2":{"start":{"line":3,"column":0},"end":{"line":3,"column":43}},"3":{"start":{"line":11,"column":4},"end":{"line":11,"column":7}},"4":{"start":{"line":13,"column":15},"end":{"line":13,"column":23}},"5":{"start":{"line":27,"column":9},"end":{"line":27,"column":15}},"6":{"start":{"line":15,"column":0},"end":{"line":15,"column":29}},"7":{"start":{"line":16,"column":0},"end":{"line":16,"column":39}},"8":{"start":{"line":17,"column":0},"end":{"line":23,"column":2}},"9":{"start":{"line":24,"column":0},"end":{"line":24,"column":38}},"10":{"start":{"line":25,"column":0},"end":{"line":25,"column":41}}},"fnMap":{},"branchMap":{},"s":{"0":1,"1":1,"2":1,"3":1,"4":1,"5":1,"6":1,"7":1,"8":1,"9":1,"10":1},"f":{},"b":{}}
,"C:\\Users\\Paul\\OneDrive\\Documents\\GitHub\\PROY-INTEGRACION-1\\backendmankar\\Routes\\Rutas.ts": {"path":"C:\\Users\\Paul\\OneDrive\\Documents\\GitHub\\PROY-INTEGRACION-1\\backendmankar\\Routes\\Rutas.ts","statementMap":{"0":{"start":{"line":1,"column":0},"end":{"line":1,"column":33}},"1":{"start":{"line":2,"column":0},"end":{"line":2,"column":42}},"2":{"start":{"line":3,"column":0},"end":{"line":3,"column":44}},"3":{"start":{"line":11,"column":4},"end":{"line":11,"column":8}},"4":{"start":{"line":13,"column":15},"end":{"line":13,"column":23}},"5":{"start":{"line":30,"column":9},"end":{"line":30,"column":15}},"6":{"start":{"line":15,"column":0},"end":{"line":15,"column":29}},"7":{"start":{"line":16,"column":0},"end":{"line":16,"column":42}},"8":{"start":{"line":17,"column":0},"end":{"line":26,"column":2}},"9":{"start":{"line":27,"column":0},"end":{"line":27,"column":41}},"10":{"start":{"line":28,"column":0},"end":{"line":28,"column":44}}},"fnMap":{},"branchMap":{},"s":{"0":1,"1":1,"2":1,"3":1,"4":1,"5":1,"6":1,"7":1,"8":1,"9":1,"10":1},"f":{},"b":{}}
,"C:\\Users\\Paul\\OneDrive\\Documents\\GitHub\\PROY-INTEGRACION-1\\backendmankar\\Routes\\TiposMantenimientos.ts": {"path":"C:\\Users\\Paul\\OneDrive\\Documents\\GitHub\\PROY-INTEGRACION-1\\backendmankar\\Routes\\TiposMantenimientos.ts","statementMap":{"0":{"start":{"line":1,"column":0},"end":{"line":1,"column":33}},"1":{"start":{"line":2,"column":0},"end":{"line":2,"column":42}},"2":{"start":{"line":3,"column":0},"end":{"line":3,"column":57}},"3":{"start":{"line":12,"column":4},"end":{"line":12,"column":21}},"4":{"start":{"line":14,"column":15},"end":{"line":14,"column":23}},"5":{"start":{"line":30,"column":9},"end":{"line":30,"column":15}},"6":{"start":{"line":16,"column":0},"end":{"line":16,"column":42}},"7":{"start":{"line":17,"column":0},"end":{"line":17,"column":60}},"8":{"start":{"line":18,"column":0},"end":{"line":18,"column":89}},"9":{"start":{"line":19,"column":0},"end":{"line":26,"column":2}},"10":{"start":{"line":27,"column":0},"end":{"line":27,"column":59}},"11":{"start":{"line":28,"column":0},"end":{"line":28,"column":62}}},"fnMap":{},"branchMap":{},"s":{"0":1,"1":1,"2":1,"3":1,"4":1,"5":1,"6":1,"7":1,"8":1,"9":1,"10":1,"11":1},"f":{},"b":{}}
,"C:\\Users\\Paul\\OneDrive\\Documents\\GitHub\\PROY-INTEGRACION-1\\backendmankar\\Routes\\Unidades.ts": {"path":"C:\\Users\\Paul\\OneDrive\\Documents\\GitHub\\PROY-INTEGRACION-1\\backendmankar\\Routes\\Unidades.ts","statementMap":{"0":{"start":{"line":1,"column":0},"end":{"line":1,"column":33}},"1":{"start":{"line":2,"column":0},"end":{"line":2,"column":42}},"2":{"start":{"line":3,"column":0},"end":{"line":3,"column":46}},"3":{"start":{"line":11,"column":4},"end":{"line":11,"column":10}},"4":{"start":{"line":13,"column":15},"end":{"line":13,"column":23}},"5":{"start":{"line":33,"column":9},"end":{"line":33,"column":15}},"6":{"start":{"line":15,"column":0},"end":{"line":15,"column":32}},"7":{"start":{"line":16,"column":0},"end":{"line":16,"column":53}},"8":{"start":{"line":17,"column":0},"end":{"line":29,"column":2}},"9":{"start":{"line":30,"column":0},"end":{"line":30,"column":49}},"10":{"start":{"line":31,"column":0},"end":{"line":31,"column":52}}},"fnMap":{},"branchMap":{},"s":{"0":1,"1":1,"2":1,"3":1,"4":1,"5":1,"6":1,"7":1,"8":1,"9":1,"10":1},"f":{},"b":{}}
,"C:\\Users\\Paul\\OneDrive\\Documents\\GitHub\\PROY-INTEGRACION-1\\backendmankar\\Routes\\Usuarios.ts": {"path":"C:\\Users\\Paul\\OneDrive\\Documents\\GitHub\\PROY-INTEGRACION-1\\backendmankar\\Routes\\Usuarios.ts","statementMap":{"0":{"start":{"line":1,"column":0},"end":{"line":1,"column":33}},"1":{"start":{"line":2,"column":0},"end":{"line":2,"column":42}},"2":{"start":{"line":3,"column":0},"end":{"line":3,"column":47}},"3":{"start":{"line":4,"column":0},"end":{"line":4,"column":47}},"4":{"start":{"line":7,"column":100},"end":{"line":7,"column":107}},"5":{"start":{"line":9,"column":50},"end":{"line":9,"column":59}},"6":{"start":{"line":11,"column":15},"end":{"line":11,"column":23}},"7":{"start":{"line":28,"column":9},"end":{"line":28,"column":15}},"8":{"start":{"line":13,"column":0},"end":{"line":13,"column":32}},"9":{"start":{"line":14,"column":0},"end":{"line":14,"column":49}},"10":{"start":{"line":15,"column":0},"end":{"line":24,"column":2}},"11":{"start":{"line":25,"column":0},"end":{"line":25,"column":47}},"12":{"start":{"line":26,"column":0},"end":{"line":26,"column":50}}},"fnMap":{},"branchMap":{},"s":{"0":1,"1":1,"2":1,"3":1,"4":1,"5":1,"6":1,"7":1,"8":1,"9":1,"10":1,"11":1,"12":1},"f":{},"b":{}}
,"C:\\Users\\Paul\\OneDrive\\Documents\\GitHub\\PROY-INTEGRACION-1\\backendmankar\\models\\Establecimientos.ts": {"path":"C:\\Users\\Paul\\OneDrive\\Documents\\GitHub\\PROY-INTEGRACION-1\\backendmankar\\models\\Establecimientos.ts","statementMap":{"0":{"start":{"line":2,"column":0},"end":{"line":2,"column":41}},"1":{"start":{"line":5,"column":48},"end":{"line":24,"column":2}},"2":{"start":{"line":27,"column":2},"end":{"line":27,"column":68}},"3":{"start":{"line":29,"column":9},"end":{"line":29,"column":24}}},"fnMap":{},"branchMap":{},"s":{"0":1,"1":1,"2":1,"3":1},"f":{},"b":{}}
,"C:\\Users\\Paul\\OneDrive\\Documents\\GitHub\\PROY-INTEGRACION-1\\backendmankar\\models\\Mantenimientos.ts": {"path":"C:\\Users\\Paul\\OneDrive\\Documents\\GitHub\\PROY-INTEGRACION-1\\backendmankar\\models\\Mantenimientos.ts","statementMap":{"0":{"start":{"line":2,"column":0},"end":{"line":2,"column":41}},"1":{"start":{"line":5,"column":46},"end":{"line":49,"column":2}},"2":{"start":{"line":51,"column":54},"end":{"line":53,"column":null}},"3":{"start":{"line":56,"column":9},"end":{"line":56,"column":22}}},"fnMap":{},"branchMap":{},"s":{"0":1,"1":1,"2":1,"3":1},"f":{},"b":{}}
,"C:\\Users\\Paul\\OneDrive\\Documents\\GitHub\\PROY-INTEGRACION-1\\backendmankar\\models\\Repostajes.ts": {"path":"C:\\Users\\Paul\\OneDrive\\Documents\\GitHub\\PROY-INTEGRACION-1\\backendmankar\\models\\Repostajes.ts","statementMap":{"0":{"start":{"line":2,"column":0},"end":{"line":2,"column":41}},"1":{"start":{"line":5,"column":42},"end":{"line":32,"column":2}},"2":{"start":{"line":34,"column":46},"end":{"line":36,"column":null}},"3":{"start":{"line":39,"column":9},"end":{"line":39,"column":18}}},"fnMap":{},"branchMap":{},"s":{"0":1,"1":1,"2":1,"3":1},"f":{},"b":{}}
,"C:\\Users\\Paul\\OneDrive\\Documents\\GitHub\\PROY-INTEGRACION-1\\backendmankar\\models\\Roles.ts": {"path":"C:\\Users\\Paul\\OneDrive\\Documents\\GitHub\\PROY-INTEGRACION-1\\backendmankar\\models\\Roles.ts","statementMap":{"0":{"start":{"line":2,"column":0},"end":{"line":2,"column":41}},"1":{"start":{"line":5,"column":37},"end":{"line":20,"column":2}},"2":{"start":{"line":22,"column":35},"end":{"line":22,"column":67}},"3":{"start":{"line":24,"column":9},"end":{"line":24,"column":12}}},"fnMap":{},"branchMap":{},"s":{"0":1,"1":1,"2":1,"3":1},"f":{},"b":{}}
,"C:\\Users\\Paul\\OneDrive\\Documents\\GitHub\\PROY-INTEGRACION-1\\backendmankar\\models\\Rutas.ts": {"path":"C:\\Users\\Paul\\OneDrive\\Documents\\GitHub\\PROY-INTEGRACION-1\\backendmankar\\models\\Rutas.ts","statementMap":{"0":{"start":{"line":2,"column":0},"end":{"line":2,"column":41}},"1":{"start":{"line":5,"column":37},"end":{"line":32,"column":2}},"2":{"start":{"line":34,"column":36},"end":{"line":34,"column":69}},"3":{"start":{"line":36,"column":9},"end":{"line":36,"column":13}}},"fnMap":{},"branchMap":{},"s":{"0":1,"1":1,"2":1,"3":1},"f":{},"b":{}}
,"C:\\Users\\Paul\\OneDrive\\Documents\\GitHub\\PROY-INTEGRACION-1\\backendmankar\\models\\TiposMantenimientos.ts": {"path":"C:\\Users\\Paul\\OneDrive\\Documents\\GitHub\\PROY-INTEGRACION-1\\backendmankar\\models\\TiposMantenimientos.ts","statementMap":{"0":{"start":{"line":2,"column":0},"end":{"line":2,"column":41}},"1":{"start":{"line":6,"column":2},"end":{"line":25,"column":4}},"2":{"start":{"line":28,"column":2},"end":{"line":28,"column":76}},"3":{"start":{"line":30,"column":9},"end":{"line":30,"column":26}}},"fnMap":{},"branchMap":{},"s":{"0":1,"1":1,"2":1,"3":1},"f":{},"b":{}}
,"C:\\Users\\Paul\\OneDrive\\Documents\\GitHub\\PROY-INTEGRACION-1\\backendmankar\\models\\Unidades.ts": {"path":"C:\\Users\\Paul\\OneDrive\\Documents\\GitHub\\PROY-INTEGRACION-1\\backendmankar\\models\\Unidades.ts","statementMap":{"0":{"start":{"line":2,"column":0},"end":{"line":2,"column":41}},"1":{"start":{"line":5,"column":40},"end":{"line":41,"column":2}},"2":{"start":{"line":43,"column":41},"end":{"line":45,"column":null}},"3":{"start":{"line":48,"column":9},"end":{"line":48,"column":15}}},"fnMap":{},"branchMap":{},"s":{"0":1,"1":1,"2":1,"3":1},"f":{},"b":{}}
,"C:\\Users\\Paul\\OneDrive\\Documents\\GitHub\\PROY-INTEGRACION-1\\backendmankar\\models\\Usuarios.ts": {"path":"C:\\Users\\Paul\\OneDrive\\Documents\\GitHub\\PROY-INTEGRACION-1\\backendmankar\\models\\Usuarios.ts","statementMap":{"0":{"start":{"line":2,"column":0},"end":{"line":2,"column":41}},"1":{"start":{"line":5,"column":40},"end":{"line":37,"column":2}},"2":{"start":{"line":39,"column":42},"end":{"line":41,"column":null}},"3":{"start":{"line":44,"column":9},"end":{"line":44,"column":16}}},"fnMap":{},"branchMap":{},"s":{"0":1,"1":1,"2":1,"3":1},"f":{},"b":{}}
,"C:\\Users\\Paul\\OneDrive\\Documents\\GitHub\\PROY-INTEGRACION-1\\backendmankar\\models\\index.ts": {"path":"C:\\Users\\Paul\\OneDrive\\Documents\\GitHub\\PROY-INTEGRACION-1\\backendmankar\\models\\index.ts","statementMap":{"0":{"start":{"line":1,"column":0},"end":{"line":1,"column":9}},"1":{"start":{"line":11,"column":2},"end":{"line":1,"column":53}},"2":{"start":{"line":2,"column":0},"end":{"line":2,"column":9}},"3":{"start":{"line":12,"column":2},"end":{"line":2,"column":49}},"4":{"start":{"line":3,"column":0},"end":{"line":3,"column":9}},"5":{"start":{"line":13,"column":2},"end":{"line":3,"column":41}},"6":{"start":{"line":4,"column":0},"end":{"line":4,"column":9}},"7":{"start":{"line":14,"column":2},"end":{"line":4,"column":31}},"8":{"start":{"line":5,"column":0},"end":{"line":5,"column":9}},"9":{"start":{"line":15,"column":2},"end":{"line":5,"column":58}},"10":{"start":{"line":6,"column":0},"end":{"line":6,"column":9}},"11":{"start":{"line":16,"column":2},"end":{"line":6,"column":36}},"12":{"start":{"line":7,"column":0},"end":{"line":7,"column":9}},"13":{"start":{"line":17,"column":2},"end":{"line":7,"column":30}},"14":{"start":{"line":8,"column":0},"end":{"line":8,"column":9}},"15":{"start":{"line":18,"column":2},"end":{"line":8,"column":37}}},"fnMap":{"0":{"name":"(anonymous_0)","decl":{"start":{"line":11,"column":2},"end":{"line":11,"column":17}},"loc":{"start":{"line":11,"column":2},"end":{"line":1,"column":53}}},"1":{"name":"(anonymous_1)","decl":{"start":{"line":12,"column":2},"end":{"line":12,"column":15}},"loc":{"start":{"line":12,"column":2},"end":{"line":2,"column":49}}},"2":{"name":"(anonymous_2)","decl":{"start":{"line":13,"column":2},"end":{"line":13,"column":11}},"loc":{"start":{"line":13,"column":2},"end":{"line":3,"column":41}}},"3":{"name":"(anonymous_3)","decl":{"start":{"line":14,"column":2},"end":{"line":14,"column":6}},"loc":{"start":{"line":14,"column":2},"end":{"line":4,"column":31}}},"4":{"name":"(anonymous_4)","decl":{"start":{"line":15,"column":2},"end":{"line":15,"column":19}},"loc":{"start":{"line":15,"column":2},"end":{"line":5,"column":58}}},"5":{"name":"(anonymous_5)","decl":{"start":{"line":16,"column":2},"end":{"line":16,"column":8}},"loc":{"start":{"line":16,"column":2},"end":{"line":6,"column":36}}},"6":{"name":"(anonymous_6)","decl":{"start":{"line":17,"column":2},"end":{"line":17,"column":5}},"loc":{"start":{"line":17,"column":2},"end":{"line":7,"column":30}}},"7":{"name":"(anonymous_7)","decl":{"start":{"line":18,"column":2},"end":{"line":18,"column":9}},"loc":{"start":{"line":18,"column":2},"end":{"line":8,"column":37}}}},"branchMap":{},"s":{"0":1,"1":1,"2":1,"3":5,"4":1,"5":1,"6":1,"7":1,"8":1,"9":1,"10":1,"11":1,"12":1,"13":1,"14":1,"15":4},"f":{"0":0,"1":4,"2":0,"3":0,"4":0,"5":0,"6":0,"7":3},"b":{}}
}
